2015-06-30 09:12:19,490 INFO c.d.x.Connector [main] SipStack Created gov.nist.javax.sip.SipStackImpl@30a3107a 
2015-06-30 09:12:19,729 INFO c.d.x.Connector [main] SipProvider Created gov.nist.javax.sip.SipProviderImpl@23fe1d71 
2015-06-30 09:12:22,364 INFO c.d.x.Call [EventScannerThread] CREATING OPTIONS RESPONSE 
2015-06-30 09:12:22,403 INFO c.d.x.Call [pool-2-thread-1] CREATING 100 TRYING RESPONSE 
2015-06-30 09:12:22,413 INFO c.d.x.Call [pool-2-thread-1] CREATING AN INVITE REQUEST 
2015-06-30 09:12:22,502 INFO c.d.x.Call [EventScannerThread] CREATING 180 RINGING RESPONSE 
2015-06-30 09:12:22,506 INFO c.d.x.Call [EventScannerThread] CREATING ACK REQUEST  
2015-06-30 09:12:22,507 DEBUG c.d.x.Connector [EventScannerThread] REMOTE TAG 
f18c4820-8d409892-13c4-50022-4bb-7ad53049-4bb 
2015-06-30 09:12:22,507 INFO c.d.x.Call [EventScannerThread] CREATING 200OK FOR INVITE 
2015-06-30 09:12:22,917 INFO c.d.x.Connector [EventScannerThread] Transaction Terminated 
2015-06-30 09:12:23,087 INFO c.d.x.Call [Thread-1] REMOTE TAG -> f18c4820-8d409892-13c4-50022-4bb-7ad53049-4bb 
2015-06-30 09:12:23,088 INFO c.d.x.Call [Thread-1] CREATING INFO REQUEST TO XMS 
2015-06-30 09:12:23,170 INFO c.d.x.Call [EventScannerThread] CREATING INFO RESPONSE TO XMS 
2015-06-30 09:12:28,589 INFO c.d.x.Connector [EventScannerThread] Transaction Terminated 
2015-06-30 09:12:30,909 INFO c.d.x.Connector [EventScannerThread] Transaction Terminated 
2015-06-30 09:12:33,421 INFO c.d.x.Call [EventScannerThread] CREATING INFO RESPONSE TO XMS 
2015-06-30 09:12:33,535 INFO c.d.x.Call [EventScannerThread] CREATING INFO RESPONSE TO XMS 
2015-06-30 09:12:33,611 INFO c.d.x.Call [Thread-1] CREATE BYE REQUEST 
2015-06-30 09:12:33,611 DEBUG c.d.x.Call [Thread-1] CREATE BYE REQUEST 
BYE sip:toto@10.20.120.34 SIP/2.0
Via: SIP/2.0/UDP 10.20.120.34:5070
CSeq: 1 BYE
From: <sip:Test@10.20.120.34:5070>;tag=1b0f463
To: "" <sip:toto@10.20.120.34>;tag=715
Call-ID: 904
Max-Forwards: 70
Allow: INVITE, BYE, ACK, CANCEL, OPTIONS, INFO
Content-Length: 0

 
2015-06-30 09:12:33,616 INFO c.d.x.Call [Thread-1] CREATE BYE REQUEST 
2015-06-30 09:12:33,617 DEBUG c.d.x.Call [Thread-1] CREATE BYE REQUEST 
BYE sip:msml@146.152.64.141 SIP/2.0
Via: SIP/2.0/UDP 10.20.120.34:5070
CSeq: 3 BYE
From: <sip:Test@10.20.120.34>;tag=1a889cc
To: <sip:msml@146.152.64.141>;tag=f18c4820-8d409892-13c4-50022-4bb-7ad53049-4bb
Call-ID: 02aa58e5e72fe27b3d9795b478161476@10.20.120.34
Max-Forwards: 70
Content-Length: 0

 
2015-06-30 09:12:33,619 INFO c.d.x.Connector [EventScannerThread] HASHMAP SIZE: 1 
2015-06-30 09:12:33,630 INFO c.d.x.Connector [EventScannerThread] HASHMAP SIZE: 0 
2015-06-30 09:12:39,112 INFO c.d.x.Connector [EventScannerThread] Transaction Terminated 
2015-06-30 09:12:39,119 INFO c.d.x.Connector [EventScannerThread] Transaction Terminated 
2015-06-30 09:12:41,617 INFO c.d.x.Connector [EventScannerThread] Dialog Terminated 
2015-06-30 09:12:41,624 INFO c.d.x.Connector [EventScannerThread] Dialog Terminated 
2015-06-30 09:12:54,372 INFO c.d.x.Connector [EventScannerThread] Transaction Terminated 
2015-06-30 09:12:55,186 INFO c.d.x.Connector [EventScannerThread] Transaction Terminated 
2015-06-30 09:13:05,465 INFO c.d.x.Connector [EventScannerThread] Transaction Terminated 
2015-06-30 09:13:05,551 INFO c.d.x.Connector [EventScannerThread] Transaction Terminated 
2015-06-30 09:16:40,050 INFO c.d.x.Connector [main] SipStack Created gov.nist.javax.sip.SipStackImpl@30a3107a 
2015-06-30 09:16:40,268 FATAL c.d.x.Connector [main] Address already in use: Cannot bind javax.sip.InvalidArgumentException: Address already in use: Cannot bind
	at gov.nist.javax.sip.SipStackImpl.createListeningPoint(SipStackImpl.java:756)
	at com.dialogic.xmstesting.Connector.<init>(Connector.java:113)
	at com.dialogic.clientLibrary.XMSObjectFactory.CreateConnector(XMSObjectFactory.java:117)
	at com.dialogic.examples.XMSEchoTestAsync.start(XMSEchoTestAsync.java:26)
	at com.dialogic.xmstesting.TestSuite.main(TestSuite.java:37)
Caused by: java.io.IOException: Address already in use: Cannot bind
	at gov.nist.javax.sip.stack.UDPMessageProcessor.<init>(UDPMessageProcessor.java:141)
	at gov.nist.javax.sip.stack.SIPTransactionStack.createMessageProcessor(SIPTransactionStack.java:1837)
	at gov.nist.javax.sip.SipStackImpl.createListeningPoint(SipStackImpl.java:737)
	... 4 more

2015-06-30 09:16:49,191 INFO c.d.x.Connector [main] SipStack Created gov.nist.javax.sip.SipStackImpl@30a3107a 
2015-06-30 09:16:49,403 INFO c.d.x.Connector [main] SipProvider Created gov.nist.javax.sip.SipProviderImpl@23fe1d71 
2015-06-30 09:16:52,095 INFO c.d.x.Call [EventScannerThread] CREATING OPTIONS RESPONSE 
2015-06-30 09:16:52,129 INFO c.d.x.Call [pool-2-thread-1] CREATING 100 TRYING RESPONSE 
2015-06-30 09:16:52,138 INFO c.d.x.Call [pool-2-thread-1] CREATING AN INVITE REQUEST 
2015-06-30 09:16:52,234 INFO c.d.x.Call [EventScannerThread] CREATING 180 RINGING RESPONSE 
2015-06-30 09:16:52,237 INFO c.d.x.Call [EventScannerThread] CREATING ACK REQUEST  
2015-06-30 09:16:52,239 DEBUG c.d.x.Connector [EventScannerThread] REMOTE TAG 
f18c5210-8d409892-13c4-50022-5c9-156c3067-5c9 
2015-06-30 09:16:52,240 INFO c.d.x.Call [EventScannerThread] CREATING 200OK FOR INVITE 
2015-06-30 09:16:52,658 INFO c.d.x.Connector [EventScannerThread] Transaction Terminated 
2015-06-30 09:16:52,791 INFO c.d.x.Call [Thread-1] REMOTE TAG -> f18c5210-8d409892-13c4-50022-5c9-156c3067-5c9 
2015-06-30 09:16:52,792 INFO c.d.x.Call [Thread-1] CREATING INFO REQUEST TO XMS 
2015-06-30 09:16:52,887 INFO c.d.x.Call [EventScannerThread] CREATING INFO RESPONSE TO XMS 
2015-06-30 09:16:58,295 INFO c.d.x.Connector [EventScannerThread] Transaction Terminated 
2015-06-30 09:17:00,658 INFO c.d.x.Connector [EventScannerThread] Transaction Terminated 
2015-06-30 09:17:03,127 INFO c.d.x.Call [EventScannerThread] CREATING INFO RESPONSE TO XMS 
2015-06-30 09:17:03,172 INFO c.d.x.Call [EventScannerThread] CREATING INFO RESPONSE TO XMS 
2015-06-30 09:17:03,267 INFO c.d.x.Call [Thread-1] CREATE BYE REQUEST 
2015-06-30 09:17:03,267 DEBUG c.d.x.Call [Thread-1] CREATE BYE REQUEST 
BYE sip:toto@10.20.120.34 SIP/2.0
Via: SIP/2.0/UDP 10.20.120.34:5070
CSeq: 1 BYE
From: <sip:Test@10.20.120.34:5070>;tag=1b6cd38
To: "" <sip:toto@10.20.120.34>;tag=27890
Call-ID: 743
Max-Forwards: 70
Allow: INVITE, BYE, ACK, CANCEL, OPTIONS, INFO
Content-Length: 0

 
2015-06-30 09:17:03,268 INFO c.d.x.Call [Thread-1] CREATE BYE REQUEST 
2015-06-30 09:17:03,268 DEBUG c.d.x.Call [Thread-1] CREATE BYE REQUEST 
BYE sip:msml@146.152.64.141 SIP/2.0
Via: SIP/2.0/UDP 10.20.120.34:5070
CSeq: 3 BYE
From: <sip:Test@10.20.120.34>;tag=17cab90
To: <sip:msml@146.152.64.141>;tag=f18c5210-8d409892-13c4-50022-5c9-156c3067-5c9
Call-ID: 10cf409df6063bb5c942563d91068371@10.20.120.34
Max-Forwards: 70
Content-Length: 0

 
2015-06-30 09:17:03,272 INFO c.d.x.Connector [EventScannerThread] HASHMAP SIZE: 1 
2015-06-30 09:17:03,272 INFO c.d.x.Call [Thread-1] CREATING AN INVITE REQUEST 
2015-06-30 09:17:03,274 INFO c.d.x.Connector [EventScannerThread] HASHMAP SIZE: 1 
2015-06-30 09:17:03,785 INFO c.d.x.Call [EventScannerThread] CREATING AN INVITE REQUEST 
2015-06-30 09:17:03,788 INFO c.d.x.Connector [EventScannerThread] Transaction Terminated 
2015-06-30 09:17:04,296 INFO c.d.x.Connector [EventScannerThread] Transaction Terminated 
2015-06-30 09:17:04,803 INFO c.d.x.Call [EventScannerThread] CREATING ACK REQUEST  
2015-06-30 09:17:04,805 DEBUG c.d.x.Connector [EventScannerThread] REMOTE TAG 
f18c5c00-8d409892-13c4-50022-5d4-4a0a6d5a-5d4 
2015-06-30 09:17:04,805 INFO c.d.x.Call [EventScannerThread] CREATING ACK REQUEST  
2015-06-30 09:17:04,806 DEBUG c.d.x.Connector [EventScannerThread] REMOTE TAG 
18467 
2015-06-30 09:17:04,843 INFO c.d.x.Call [Thread-1] REMOTE TAG -> f18c5c00-8d409892-13c4-50022-5d4-4a0a6d5a-5d4 
2015-06-30 09:17:04,845 INFO c.d.x.Call [Thread-1] CREATING INFO REQUEST TO XMS 
2015-06-30 09:17:08,768 INFO c.d.x.Connector [EventScannerThread] Transaction Terminated 
2015-06-30 09:17:08,769 INFO c.d.x.Connector [EventScannerThread] Transaction Terminated 
2015-06-30 09:17:10,348 INFO c.d.x.Connector [EventScannerThread] Transaction Terminated 
2015-06-30 09:17:11,271 INFO c.d.x.Connector [EventScannerThread] Dialog Terminated 
2015-06-30 09:17:11,273 INFO c.d.x.Connector [EventScannerThread] Dialog Terminated 
2015-06-30 09:17:15,058 INFO c.d.x.Call [EventScannerThread] CREATING INFO RESPONSE TO XMS 
2015-06-30 09:17:15,229 INFO c.d.x.Call [EventScannerThread] CREATING INFO RESPONSE TO XMS 
2015-06-30 09:17:15,366 INFO c.d.x.Call [Thread-1] CREATE BYE REQUEST 
2015-06-30 09:17:15,366 DEBUG c.d.x.Call [Thread-1] CREATE BYE REQUEST 
BYE sip:toto@10.20.120.34 SIP/2.0
Via: SIP/2.0/UDP 10.20.120.34:5070
CSeq: 2 BYE
From: <sip:Test@10.20.120.34>;tag=17cab90
To: <sip:toto@10.20.120.34>;tag=18467
Call-ID: f791372232503860bc4eeb9c279a8a94@10.20.120.34
User-Agent: Linphone/3.5.2.032013 (eXosip2 /3.6.0)
Max-Forwards: 70
Content-Length: 0

 
2015-06-30 09:17:15,367 INFO c.d.x.Call [Thread-1] CREATE BYE REQUEST 
2015-06-30 09:17:15,367 DEBUG c.d.x.Call [Thread-1] CREATE BYE REQUEST 
BYE sip:msml@146.152.64.141 SIP/2.0
Via: SIP/2.0/UDP 10.20.120.34:5070
CSeq: 3 BYE
From: <sip:Test@10.20.120.34>;tag=17cab90
To: <sip:msml@146.152.64.141>;tag=f18c5c00-8d409892-13c4-50022-5d4-4a0a6d5a-5d4
Call-ID: d32b71e782723281a83fca2239b0de53@10.20.120.34
Max-Forwards: 70
Content-Length: 0

 
2015-06-30 09:17:15,368 INFO c.d.x.Connector [EventScannerThread] HASHMAP SIZE: 1 
2015-06-30 09:17:15,371 INFO c.d.x.Connector [EventScannerThread] HASHMAP SIZE: 0 
2015-06-30 09:17:20,866 INFO c.d.x.Connector [EventScannerThread] Transaction Terminated 
2015-06-30 09:17:20,868 INFO c.d.x.Connector [EventScannerThread] Transaction Terminated 
2015-06-30 09:17:23,368 INFO c.d.x.Connector [EventScannerThread] Dialog Terminated 
2015-06-30 09:17:23,370 INFO c.d.x.Connector [EventScannerThread] Dialog Terminated 
2015-06-30 09:17:24,206 INFO c.d.x.Connector [EventScannerThread] Transaction Terminated 
2015-06-30 09:17:24,917 INFO c.d.x.Connector [EventScannerThread] Transaction Terminated 
2015-06-30 09:49:04,860 INFO c.d.x.Connector [main] SipStack Created gov.nist.javax.sip.SipStackImpl@30a3107a 
2015-06-30 09:49:05,080 INFO c.d.x.Connector [main] SipProvider Created gov.nist.javax.sip.SipProviderImpl@23fe1d71 
2015-06-30 09:49:11,011 INFO c.d.x.Call [EventScannerThread] CREATING OPTIONS RESPONSE 
2015-06-30 09:49:11,028 INFO c.d.x.Call [pool-2-thread-1] CREATING 100 TRYING RESPONSE 
2015-06-30 09:49:11,034 INFO c.d.x.Call [pool-2-thread-1] CREATING AN INVITE REQUEST 
2015-06-30 09:49:11,145 INFO c.d.x.Call [EventScannerThread] CREATING 180 RINGING RESPONSE 
2015-06-30 09:49:11,146 INFO c.d.x.Call [EventScannerThread] CREATING ACK REQUEST  
2015-06-30 09:49:11,147 DEBUG c.d.x.Connector [EventScannerThread] REMOTE TAG 
f18c9450-8d409892-13c4-50022-d5c-4ea0fd9b-d5c 
2015-06-30 09:49:11,147 INFO c.d.x.Call [EventScannerThread] CREATING 200OK FOR INVITE 
2015-06-30 09:49:11,498 INFO c.d.x.Call [main] REMOTE TAG -> f18c9450-8d409892-13c4-50022-d5c-4ea0fd9b-d5c 
2015-06-30 09:49:11,498 INFO c.d.x.Call [main] CREATING INFO REQUEST TO XMS 
2015-06-30 09:49:11,575 INFO c.d.x.Connector [EventScannerThread] Transaction Terminated 
2015-06-30 09:49:17,002 INFO c.d.x.Connector [EventScannerThread] Transaction Terminated 
2015-06-30 09:49:19,529 INFO c.d.x.Connector [EventScannerThread] Transaction Terminated 
2015-06-30 09:49:21,634 INFO c.d.x.Call [EventScannerThread] CREATING INFO RESPONSE TO XMS 
2015-06-30 09:49:21,693 INFO c.d.x.Call [EventScannerThread] CREATING INFO RESPONSE TO XMS 
2015-06-30 09:49:21,761 INFO c.d.x.Call [main] CREATE BYE REQUEST 
2015-06-30 09:49:21,762 DEBUG c.d.x.Call [main] CREATE BYE REQUEST 
BYE sip:toto@10.20.120.34 SIP/2.0
Via: SIP/2.0/UDP 10.20.120.34:5070
CSeq: 1 BYE
From: <sip:Test@10.20.120.34:5070>;tag=17e7ab8
To: "" <sip:toto@10.20.120.34>;tag=192
Call-ID: 3431
Max-Forwards: 70
Allow: INVITE, BYE, ACK, CANCEL, OPTIONS, INFO
Content-Length: 0

 
2015-06-30 09:49:21,763 INFO c.d.x.Call [main] CREATE BYE REQUEST 
2015-06-30 09:49:21,763 DEBUG c.d.x.Call [main] CREATE BYE REQUEST 
BYE sip:msml@146.152.64.141 SIP/2.0
Via: SIP/2.0/UDP 10.20.120.34:5070
CSeq: 3 BYE
From: <sip:Test@10.20.120.34>;tag=15b0515
To: <sip:msml@146.152.64.141>;tag=f18c9450-8d409892-13c4-50022-d5c-4ea0fd9b-d5c
Call-ID: 1fa910c531485b1154fe27963ead97ff@10.20.120.34
Max-Forwards: 70
Content-Length: 0

 
2015-06-30 09:49:21,766 INFO c.d.x.Connector [EventScannerThread] HASHMAP SIZE: 1 
2015-06-30 09:49:21,768 INFO c.d.x.Connector [EventScannerThread] HASHMAP SIZE: 0 
2015-06-30 09:49:27,262 INFO c.d.x.Connector [EventScannerThread] Transaction Terminated 
2015-06-30 09:49:27,264 INFO c.d.x.Connector [EventScannerThread] Transaction Terminated 
2015-06-30 09:49:29,765 INFO c.d.x.Connector [EventScannerThread] Dialog Terminated 
2015-06-30 09:49:29,767 INFO c.d.x.Connector [EventScannerThread] Dialog Terminated 
2015-06-30 09:49:43,017 INFO c.d.x.Connector [EventScannerThread] Transaction Terminated 
2015-06-30 09:49:53,636 INFO c.d.x.Connector [EventScannerThread] Transaction Terminated 
2015-06-30 09:49:53,695 INFO c.d.x.Connector [EventScannerThread] Transaction Terminated 
2015-06-30 09:59:30,604 INFO c.d.x.Connector [main] SipStack Created gov.nist.javax.sip.SipStackImpl@7c83dc97 
2015-06-30 09:59:30,979 INFO c.d.x.Connector [main] SipProvider Created gov.nist.javax.sip.SipProviderImpl@3c77d488 
2015-06-30 09:59:44,578 INFO c.d.x.Call [EventScannerThread] CREATING OPTIONS RESPONSE 
2015-06-30 09:59:44,607 INFO c.d.x.Call [pool-2-thread-1] CREATING 100 TRYING RESPONSE 
2015-06-30 09:59:44,613 INFO c.d.x.Call [pool-2-thread-1] CREATING AN INVITE REQUEST 
2015-06-30 09:59:44,706 INFO c.d.x.Call [EventScannerThread] CREATING 180 RINGING RESPONSE 
2015-06-30 09:59:44,710 INFO c.d.x.Call [EventScannerThread] CREATING ACK REQUEST  
2015-06-30 09:59:44,711 DEBUG c.d.x.Connector [EventScannerThread] REMOTE TAG 
f18cb570-8d409892-13c4-50022-fd6-6be11073-fd6 
2015-06-30 09:59:44,711 INFO c.d.x.Call [EventScannerThread] CREATING 200OK FOR INVITE 
2015-06-30 09:59:45,107 INFO c.d.x.Call [main] REMOTE TAG -> f18cb570-8d409892-13c4-50022-fd6-6be11073-fd6 
2015-06-30 09:59:45,107 INFO c.d.x.Call [main] CREATING INFO REQUEST TO XMS 
2015-06-30 09:59:45,116 INFO c.d.x.Connector [EventScannerThread] Transaction Terminated 
2015-06-30 09:59:50,610 INFO c.d.x.Connector [EventScannerThread] Transaction Terminated 
2015-06-30 09:59:53,110 INFO c.d.x.Connector [EventScannerThread] Transaction Terminated 
2015-06-30 09:59:54,478 INFO c.d.x.Call [EventScannerThread] CREATING INFO RESPONSE TO XMS 
2015-06-30 10:00:04,711 INFO c.d.x.Call [EventScannerThread] CREATING INFO RESPONSE TO XMS 
2015-06-30 10:00:16,591 INFO c.d.x.Connector [EventScannerThread] Transaction Terminated 
2015-06-30 10:00:26,485 INFO c.d.x.Connector [EventScannerThread] Transaction Terminated 
2015-06-30 10:00:36,731 INFO c.d.x.Connector [EventScannerThread] Transaction Terminated 
2015-06-30 10:00:41,728 INFO c.d.x.Call [EventScannerThread] CREATE BYE REQUEST 
2015-06-30 10:00:41,728 DEBUG c.d.x.Call [EventScannerThread] CREATE BYE REQUEST 
BYE sip:msml@146.152.64.141 SIP/2.0
Via: SIP/2.0/UDP 10.20.120.34:5070
CSeq: 3 BYE
From: <sip:Test@10.20.120.34>;tag=12c5ea0
To: <sip:msml@146.152.64.141>;tag=f18cb570-8d409892-13c4-50022-fd6-6be11073-fd6
Call-ID: 29216f52070d53a26092c4b3b4ba99f8@10.20.120.34
Max-Forwards: 70
Content-Length: 0

 
2015-06-30 10:00:41,734 INFO c.d.x.Connector [EventScannerThread] HASHMAP SIZE: 0 
2015-06-30 10:00:47,231 INFO c.d.x.Connector [EventScannerThread] Transaction Terminated 
2015-06-30 10:00:49,727 INFO c.d.x.Connector [EventScannerThread] Dialog Terminated 
2015-06-30 10:00:49,733 INFO c.d.x.Connector [EventScannerThread] Dialog Terminated 
2015-06-30 10:01:13,745 INFO c.d.x.Connector [EventScannerThread] Transaction Terminated 
2015-06-30 10:01:49,219 INFO c.d.x.Connector [main] SipStack Created gov.nist.javax.sip.SipStackImpl@30a3107a 
2015-06-30 10:01:49,439 INFO c.d.x.Connector [main] SipProvider Created gov.nist.javax.sip.SipProviderImpl@23fe1d71 
2015-06-30 10:01:55,720 INFO c.d.x.Call [EventScannerThread] CREATING OPTIONS RESPONSE 
2015-06-30 10:01:55,742 INFO c.d.x.Call [pool-2-thread-1] CREATING 100 TRYING RESPONSE 
2015-06-30 10:01:55,748 INFO c.d.x.Call [pool-2-thread-1] CREATING AN INVITE REQUEST 
2015-06-30 10:01:55,858 INFO c.d.x.Call [EventScannerThread] CREATING 180 RINGING RESPONSE 
2015-06-30 10:01:55,860 INFO c.d.x.Call [EventScannerThread] CREATING ACK REQUEST  
2015-06-30 10:01:55,861 DEBUG c.d.x.Connector [EventScannerThread] REMOTE TAG 
f18cbdb8-8d409892-13c4-50022-1059-6d7abe6b-1059 
2015-06-30 10:01:55,861 INFO c.d.x.Call [EventScannerThread] CREATING 200OK FOR INVITE 
2015-06-30 10:01:56,230 INFO c.d.x.Call [main] REMOTE TAG -> f18cbdb8-8d409892-13c4-50022-1059-6d7abe6b-1059 
2015-06-30 10:01:56,230 INFO c.d.x.Call [main] CREATING INFO REQUEST TO XMS 
2015-06-30 10:01:56,251 INFO c.d.x.Connector [EventScannerThread] Transaction Terminated 
2015-06-30 10:02:01,733 INFO c.d.x.Connector [EventScannerThread] Transaction Terminated 
2015-06-30 10:02:01,894 INFO c.d.x.Call [EventScannerThread] CREATING INFO RESPONSE TO XMS 
2015-06-30 10:02:01,976 INFO c.d.x.Call [EventScannerThread] CREATING INFO RESPONSE TO XMS 
2015-06-30 10:02:02,023 INFO c.d.x.Call [EventScannerThread] CREATING INFO RESPONSE TO XMS 
2015-06-30 10:02:04,243 INFO c.d.x.Connector [EventScannerThread] Transaction Terminated 
2015-06-30 10:02:23,635 INFO c.d.x.Call [EventScannerThread] CREATE BYE REQUEST 
2015-06-30 10:02:23,635 DEBUG c.d.x.Call [EventScannerThread] CREATE BYE REQUEST 
BYE sip:msml@146.152.64.141 SIP/2.0
Via: SIP/2.0/UDP 10.20.120.34:5070
CSeq: 3 BYE
From: <sip:Test@10.20.120.34>;tag=1e9b16b
To: <sip:msml@146.152.64.141>;tag=f18cbdb8-8d409892-13c4-50022-1059-6d7abe6b-1059
Call-ID: 98472ad681f6fa8fd55e0440d6983761@10.20.120.34
Max-Forwards: 70
Content-Length: 0

 
2015-06-30 10:02:23,640 INFO c.d.x.Connector [EventScannerThread] HASHMAP SIZE: 0 
2015-06-30 10:02:27,743 INFO c.d.x.Connector [EventScannerThread] Transaction Terminated 
2015-06-30 10:02:29,141 INFO c.d.x.Connector [EventScannerThread] Transaction Terminated 
2015-06-30 10:02:31,635 INFO c.d.x.Connector [EventScannerThread] Dialog Terminated 
2015-06-30 10:02:31,639 INFO c.d.x.Connector [EventScannerThread] Dialog Terminated 
2015-06-30 10:02:33,898 INFO c.d.x.Connector [EventScannerThread] Transaction Terminated 
2015-06-30 10:02:33,981 INFO c.d.x.Connector [EventScannerThread] Transaction Terminated 
2015-06-30 10:02:34,024 INFO c.d.x.Connector [EventScannerThread] Transaction Terminated 
2015-06-30 10:02:55,646 INFO c.d.x.Connector [EventScannerThread] Transaction Terminated 
2015-06-30 10:04:15,938 INFO c.d.x.Connector [main] SipStack Created gov.nist.javax.sip.SipStackImpl@30a3107a 
2015-06-30 10:04:16,170 INFO c.d.x.Connector [main] SipProvider Created gov.nist.javax.sip.SipProviderImpl@23fe1d71 
2015-06-30 10:04:21,602 INFO c.d.x.Call [EventScannerThread] CREATING OPTIONS RESPONSE 
2015-06-30 10:04:21,620 INFO c.d.x.Call [pool-2-thread-1] CREATING 100 TRYING RESPONSE 
2015-06-30 10:04:21,625 INFO c.d.x.Call [pool-2-thread-1] CREATING AN INVITE REQUEST 
2015-06-30 10:04:21,730 INFO c.d.x.Call [EventScannerThread] CREATING 180 RINGING RESPONSE 
2015-06-30 10:04:21,732 INFO c.d.x.Call [EventScannerThread] CREATING ACK REQUEST  
2015-06-30 10:04:21,733 DEBUG c.d.x.Connector [EventScannerThread] REMOTE TAG 
f18cc7a8-8d409892-13c4-50022-10eb-4d752c6e-10eb 
2015-06-30 10:04:21,733 INFO c.d.x.Call [EventScannerThread] CREATING 200OK FOR INVITE 
2015-06-30 10:04:22,076 INFO c.d.x.Call [main] REMOTE TAG -> f18cc7a8-8d409892-13c4-50022-10eb-4d752c6e-10eb 
2015-06-30 10:04:22,077 INFO c.d.x.Call [main] CREATING INFO REQUEST TO XMS 
2015-06-30 10:04:22,152 INFO c.d.x.Connector [EventScannerThread] Transaction Terminated 
2015-06-30 10:04:27,580 INFO c.d.x.Connector [EventScannerThread] Transaction Terminated 
2015-06-30 10:04:27,880 INFO c.d.x.Call [EventScannerThread] CREATING INFO RESPONSE TO XMS 
2015-06-30 10:04:27,934 INFO c.d.x.Call [EventScannerThread] CREATING INFO RESPONSE TO XMS 
2015-06-30 10:04:28,041 INFO c.d.x.Call [EventScannerThread] CREATING INFO RESPONSE TO XMS 
2015-06-30 10:04:30,124 INFO c.d.x.Connector [EventScannerThread] Transaction Terminated 
2015-06-30 10:04:30,265 INFO c.d.x.Call [EventScannerThread] CREATE BYE REQUEST 
2015-06-30 10:04:30,266 DEBUG c.d.x.Call [EventScannerThread] CREATE BYE REQUEST 
BYE sip:msml@146.152.64.141 SIP/2.0
Via: SIP/2.0/UDP 10.20.120.34:5070
CSeq: 3 BYE
From: <sip:Test@10.20.120.34>;tag=115d318
To: <sip:msml@146.152.64.141>;tag=f18cc7a8-8d409892-13c4-50022-10eb-4d752c6e-10eb
Call-ID: 3a3749c0c3a79f62160b532ce3fbfed2@10.20.120.34
Max-Forwards: 70
Content-Length: 0

 
2015-06-30 10:04:30,272 INFO c.d.x.Connector [EventScannerThread] HASHMAP SIZE: 0 
2015-06-30 10:04:35,767 INFO c.d.x.Connector [EventScannerThread] Transaction Terminated 
2015-06-30 10:04:38,265 INFO c.d.x.Connector [EventScannerThread] Dialog Terminated 
2015-06-30 10:04:38,270 INFO c.d.x.Connector [EventScannerThread] Dialog Terminated 
2015-06-30 10:04:53,607 INFO c.d.x.Connector [EventScannerThread] Transaction Terminated 
2015-06-30 10:04:59,901 INFO c.d.x.Connector [EventScannerThread] Transaction Terminated 
2015-06-30 10:04:59,935 INFO c.d.x.Connector [EventScannerThread] Transaction Terminated 
2015-06-30 10:05:00,045 INFO c.d.x.Connector [EventScannerThread] Transaction Terminated 
2015-06-30 10:05:02,265 INFO c.d.x.Connector [EventScannerThread] Transaction Terminated 
2015-06-30 10:05:36,326 INFO c.d.x.Connector [main] SipStack Created gov.nist.javax.sip.SipStackImpl@30a3107a 
2015-06-30 10:05:36,548 INFO c.d.x.Connector [main] SipProvider Created gov.nist.javax.sip.SipProviderImpl@23fe1d71 
2015-06-30 10:05:42,141 INFO c.d.x.Call [EventScannerThread] CREATING OPTIONS RESPONSE 
2015-06-30 10:05:42,169 INFO c.d.x.Call [pool-2-thread-1] CREATING 100 TRYING RESPONSE 
2015-06-30 10:05:42,176 INFO c.d.x.Call [pool-2-thread-1] CREATING AN INVITE REQUEST 
2015-06-30 10:05:42,269 INFO c.d.x.Call [EventScannerThread] CREATING 180 RINGING RESPONSE 
2015-06-30 10:05:42,271 INFO c.d.x.Call [EventScannerThread] CREATING ACK REQUEST  
2015-06-30 10:05:42,272 DEBUG c.d.x.Connector [EventScannerThread] REMOTE TAG 
f18cd198-8d409892-13c4-50022-113b-4cb7fc60-113b 
2015-06-30 10:05:42,273 INFO c.d.x.Call [EventScannerThread] CREATING 200OK FOR INVITE 
2015-06-30 10:05:42,612 INFO c.d.x.Call [main] REMOTE TAG -> f18cd198-8d409892-13c4-50022-113b-4cb7fc60-113b 
2015-06-30 10:05:42,613 INFO c.d.x.Call [main] CREATING INFO REQUEST TO XMS 
2015-06-30 10:05:42,715 INFO c.d.x.Connector [EventScannerThread] Transaction Terminated 
2015-06-30 10:05:48,125 INFO c.d.x.Connector [EventScannerThread] Transaction Terminated 
2015-06-30 10:05:50,676 INFO c.d.x.Connector [EventScannerThread] Transaction Terminated 
2015-06-30 10:05:52,083 INFO c.d.x.Call [EventScannerThread] CREATING INFO RESPONSE TO XMS 
2015-06-30 10:05:52,123 INFO c.d.x.Call [EventScannerThread] CREATING INFO RESPONSE TO XMS 
2015-06-30 10:05:52,186 INFO c.d.x.Call [EventScannerThread] CREATING INFO RESPONSE TO XMS 
2015-06-30 10:06:05,269 INFO c.d.x.Call [EventScannerThread] CREATE BYE REQUEST 
2015-06-30 10:06:05,269 DEBUG c.d.x.Call [EventScannerThread] CREATE BYE REQUEST 
BYE sip:msml@146.152.64.141 SIP/2.0
Via: SIP/2.0/UDP 10.20.120.34:5070
CSeq: 3 BYE
From: <sip:Test@10.20.120.34>;tag=173358b
To: <sip:msml@146.152.64.141>;tag=f18cd198-8d409892-13c4-50022-113b-4cb7fc60-113b
Call-ID: 2650eff1c3858ff584214686c996c39e@10.20.120.34
Max-Forwards: 70
Content-Length: 0

 
2015-06-30 10:06:05,274 INFO c.d.x.Connector [EventScannerThread] HASHMAP SIZE: 0 
2015-06-30 10:06:10,770 INFO c.d.x.Connector [EventScannerThread] Transaction Terminated 
2015-06-30 10:06:13,268 INFO c.d.x.Connector [EventScannerThread] Dialog Terminated 
2015-06-30 10:06:13,273 INFO c.d.x.Connector [EventScannerThread] Dialog Terminated 
2015-06-30 10:06:14,187 INFO c.d.x.Connector [EventScannerThread] Transaction Terminated 
2015-06-30 10:06:24,087 INFO c.d.x.Connector [EventScannerThread] Transaction Terminated 
2015-06-30 10:06:24,128 INFO c.d.x.Connector [EventScannerThread] Transaction Terminated 
2015-06-30 10:06:24,187 INFO c.d.x.Connector [EventScannerThread] Transaction Terminated 
2015-06-30 10:06:37,271 INFO c.d.x.Connector [EventScannerThread] Transaction Terminated 
2015-06-30 10:08:54,129 INFO c.d.x.Connector [EventScannerThread] NO CALLS IN THE WAITING LIST 
2015-06-30 10:09:04,663 INFO c.d.x.Connector [main] SipStack Created gov.nist.javax.sip.SipStackImpl@30a3107a 
2015-06-30 10:09:04,882 INFO c.d.x.Connector [main] SipProvider Created gov.nist.javax.sip.SipProviderImpl@23fe1d71 
2015-06-30 10:09:11,776 INFO c.d.x.Call [EventScannerThread] CREATING OPTIONS RESPONSE 
2015-06-30 10:09:11,804 INFO c.d.x.Call [pool-2-thread-1] CREATING 100 TRYING RESPONSE 
2015-06-30 10:09:11,810 INFO c.d.x.Call [pool-2-thread-1] CREATING AN INVITE REQUEST 
2015-06-30 10:09:11,906 INFO c.d.x.Call [EventScannerThread] CREATING 180 RINGING RESPONSE 
2015-06-30 10:09:11,909 INFO c.d.x.Call [EventScannerThread] CREATING ACK REQUEST  
2015-06-30 10:09:11,910 DEBUG c.d.x.Connector [EventScannerThread] REMOTE TAG 
f18cdd30-8d409892-13c4-50022-120d-266c830d-120d 
2015-06-30 10:09:11,910 INFO c.d.x.Call [EventScannerThread] CREATING 200OK FOR INVITE 
2015-06-30 10:09:12,246 INFO c.d.x.Call [main] REMOTE TAG -> f18cdd30-8d409892-13c4-50022-120d-266c830d-120d 
2015-06-30 10:09:12,247 INFO c.d.x.Call [main] CREATING INFO REQUEST TO XMS 
2015-06-30 10:09:12,328 INFO c.d.x.Connector [EventScannerThread] Transaction Terminated 
2015-06-30 10:09:17,750 INFO c.d.x.Connector [EventScannerThread] Transaction Terminated 
2015-06-30 10:09:18,505 INFO c.d.x.Call [EventScannerThread] CREATING INFO RESPONSE TO XMS 
2015-06-30 10:09:18,610 INFO c.d.x.Call [EventScannerThread] CREATING INFO RESPONSE TO XMS 
2015-06-30 10:09:18,666 INFO c.d.x.Call [EventScannerThread] CREATING INFO RESPONSE TO XMS 
2015-06-30 10:09:20,305 INFO c.d.x.Connector [EventScannerThread] Transaction Terminated 
2015-06-30 10:09:43,787 INFO c.d.x.Connector [EventScannerThread] Transaction Terminated 
2015-06-30 10:09:46,670 INFO c.d.x.Call [EventScannerThread] CREATE BYE REQUEST 
2015-06-30 10:09:46,671 DEBUG c.d.x.Call [EventScannerThread] CREATE BYE REQUEST 
BYE sip:msml@146.152.64.141 SIP/2.0
Via: SIP/2.0/UDP 10.20.120.34:5070
CSeq: 3 BYE
From: <sip:Test@10.20.120.34>;tag=1bcb004
To: <sip:msml@146.152.64.141>;tag=f18cdd30-8d409892-13c4-50022-120d-266c830d-120d
Call-ID: 33fa0bccfd548a1f4df1836cc67c7a1c@10.20.120.34
Max-Forwards: 70
Content-Length: 0

 
2015-06-30 10:09:46,676 INFO c.d.x.Connector [EventScannerThread] HASHMAP SIZE: 0 
2015-06-30 10:09:50,507 INFO c.d.x.Connector [EventScannerThread] Transaction Terminated 
2015-06-30 10:09:50,611 INFO c.d.x.Connector [EventScannerThread] Transaction Terminated 
2015-06-30 10:09:50,671 INFO c.d.x.Connector [EventScannerThread] Transaction Terminated 
2015-06-30 10:09:52,177 INFO c.d.x.Connector [EventScannerThread] Transaction Terminated 
2015-06-30 10:09:54,670 INFO c.d.x.Connector [EventScannerThread] Dialog Terminated 
2015-06-30 10:09:54,675 INFO c.d.x.Connector [EventScannerThread] Dialog Terminated 
2015-06-30 10:10:18,682 INFO c.d.x.Connector [EventScannerThread] Transaction Terminated 
2015-06-30 10:12:05,495 INFO c.d.x.Connector [main] SipStack Created gov.nist.javax.sip.SipStackImpl@7c83dc97 
2015-06-30 10:12:05,747 INFO c.d.x.Connector [main] SipProvider Created gov.nist.javax.sip.SipProviderImpl@3c77d488 
2015-06-30 10:13:57,502 INFO c.d.x.Connector [main] SipStack Created gov.nist.javax.sip.SipStackImpl@7c83dc97 
2015-06-30 10:13:57,798 INFO c.d.x.Connector [main] SipProvider Created gov.nist.javax.sip.SipProviderImpl@3c77d488 
2015-06-30 10:14:01,999 INFO c.d.x.Call [EventScannerThread] CREATING OPTIONS RESPONSE 
2015-06-30 10:14:02,041 INFO c.d.x.Call [pool-2-thread-1] CREATING 100 TRYING RESPONSE 
2015-06-30 10:14:02,047 INFO c.d.x.Call [pool-2-thread-1] CREATING AN INVITE REQUEST 
2015-06-30 10:14:02,153 INFO c.d.x.Call [EventScannerThread] CREATING 180 RINGING RESPONSE 
2015-06-30 10:14:02,154 INFO c.d.x.Call [EventScannerThread] CREATING ACK REQUEST  
2015-06-30 10:14:02,155 DEBUG c.d.x.Connector [EventScannerThread] REMOTE TAG 
f18ce8c8-8d409892-13c4-50022-132f-6187fd89-132f 
2015-06-30 10:14:02,155 INFO c.d.x.Call [EventScannerThread] CREATING 200OK FOR INVITE 
2015-06-30 10:14:12,654 INFO c.d.x.Connector [EventScannerThread] Transaction Terminated 
2015-06-30 10:14:12,655 INFO c.d.x.Connector [EventScannerThread] Transaction Terminated 
2015-06-30 10:14:13,108 INFO c.d.x.Call [main] REMOTE TAG -> f18ce8c8-8d409892-13c4-50022-132f-6187fd89-132f 
2015-06-30 10:14:13,109 INFO c.d.x.Call [main] CREATING INFO REQUEST TO XMS 
2015-06-30 10:14:18,612 INFO c.d.x.Connector [EventScannerThread] Transaction Terminated 
2015-06-30 10:14:23,676 INFO c.d.x.Call [EventScannerThread] CREATING INFO RESPONSE TO XMS 
2015-06-30 10:14:37,086 INFO c.d.x.Call [EventScannerThread] CREATING INFO RESPONSE TO XMS 
2015-06-30 10:14:42,109 INFO c.d.x.Connector [EventScannerThread] Transaction Terminated 
2015-06-30 10:14:55,710 INFO c.d.x.Connector [EventScannerThread] Transaction Terminated 
2015-06-30 10:15:07,555 INFO c.d.x.Call [EventScannerThread] CREATE BYE REQUEST 
2015-06-30 10:15:07,556 DEBUG c.d.x.Call [EventScannerThread] CREATE BYE REQUEST 
BYE sip:msml@146.152.64.141 SIP/2.0
Via: SIP/2.0/UDP 10.20.120.34:5070
CSeq: 3 BYE
From: <sip:Test@10.20.120.34>;tag=1ba4b78
To: <sip:msml@146.152.64.141>;tag=f18ce8c8-8d409892-13c4-50022-132f-6187fd89-132f
Call-ID: 3b1f03bb5c7c7edd5dc59532d27aebf3@10.20.120.34
Max-Forwards: 70
Content-Length: 0

 
2015-06-30 10:15:07,564 INFO c.d.x.Connector [EventScannerThread] HASHMAP SIZE: 0 
2015-06-30 10:15:09,087 INFO c.d.x.Connector [EventScannerThread] Transaction Terminated 
2015-06-30 10:15:13,057 INFO c.d.x.Connector [EventScannerThread] Transaction Terminated 
2015-06-30 10:15:15,555 INFO c.d.x.Connector [EventScannerThread] Dialog Terminated 
2015-06-30 10:15:15,563 INFO c.d.x.Connector [EventScannerThread] Dialog Terminated 
2015-06-30 10:16:09,613 INFO c.d.x.Connector [main] SipStack Created gov.nist.javax.sip.SipStackImpl@30a3107a 
2015-06-30 10:16:09,855 INFO c.d.x.Connector [main] SipProvider Created gov.nist.javax.sip.SipProviderImpl@23fe1d71 
2015-06-30 10:16:31,450 INFO c.d.x.Connector [main] SipStack Created gov.nist.javax.sip.SipStackImpl@7c83dc97 
2015-06-30 10:16:31,691 INFO c.d.x.Connector [main] SipProvider Created gov.nist.javax.sip.SipProviderImpl@3c77d488 
2015-06-30 10:16:34,778 INFO c.d.x.Call [EventScannerThread] CREATING OPTIONS RESPONSE 
2015-06-30 10:16:34,811 INFO c.d.x.Call [pool-2-thread-1] CREATING 100 TRYING RESPONSE 
2015-06-30 10:16:34,820 INFO c.d.x.Call [pool-2-thread-1] CREATING AN INVITE REQUEST 
2015-06-30 10:16:34,911 INFO c.d.x.Call [EventScannerThread] CREATING 180 RINGING RESPONSE 
2015-06-30 10:16:34,913 INFO c.d.x.Call [EventScannerThread] CREATING ACK REQUEST  
2015-06-30 10:16:34,914 DEBUG c.d.x.Connector [EventScannerThread] REMOTE TAG 
f18cf110-8d409892-13c4-50022-13c8-511a5c7e-13c8 
2015-06-30 10:16:34,915 INFO c.d.x.Call [EventScannerThread] CREATING 200OK FOR INVITE 
2015-06-30 10:16:37,724 INFO c.d.x.Connector [EventScannerThread] Transaction Terminated 
2015-06-30 10:16:38,138 INFO c.d.x.Call [main] REMOTE TAG -> f18cf110-8d409892-13c4-50022-13c8-511a5c7e-13c8 
2015-06-30 10:16:38,139 INFO c.d.x.Call [main] CREATING INFO REQUEST TO XMS 
2015-06-30 10:16:43,313 INFO c.d.x.Connector [EventScannerThread] Transaction Terminated 
2015-06-30 10:16:43,644 INFO c.d.x.Connector [EventScannerThread] Transaction Terminated 
2015-06-30 10:16:48,293 INFO c.d.x.Call [EventScannerThread] CREATING INFO RESPONSE TO XMS 
2015-06-30 10:16:52,651 INFO c.d.x.Call [EventScannerThread] CREATING INFO RESPONSE TO XMS 
2015-06-30 10:16:55,966 INFO c.d.x.Call [main] CREATE BYE REQUEST 
2015-06-30 10:16:55,967 DEBUG c.d.x.Call [main] CREATE BYE REQUEST 
BYE sip:toto@10.20.120.34 SIP/2.0
Via: SIP/2.0/UDP 10.20.120.34:5070
CSeq: 1 BYE
From: <sip:Test@10.20.120.34:5070>;tag=1ac4ae4
To: "" <sip:toto@10.20.120.34>;tag=22439
Call-ID: 9315
Max-Forwards: 70
Allow: INVITE, BYE, ACK, CANCEL, OPTIONS, INFO
Content-Length: 0

 
2015-06-30 10:16:55,970 INFO c.d.x.Call [main] CREATE BYE REQUEST 
2015-06-30 10:16:55,970 DEBUG c.d.x.Call [main] CREATE BYE REQUEST 
BYE sip:msml@146.152.64.141 SIP/2.0
Via: SIP/2.0/UDP 10.20.120.34:5070
CSeq: 3 BYE
From: <sip:Test@10.20.120.34>;tag=15e16ca
To: <sip:msml@146.152.64.141>;tag=f18cf110-8d409892-13c4-50022-13c8-511a5c7e-13c8
Call-ID: 97b09fda50cb310fc10a1ab27a2860ba@10.20.120.34
Max-Forwards: 70
Content-Length: 0

 
2015-06-30 10:16:55,974 INFO c.d.x.Connector [EventScannerThread] HASHMAP SIZE: 1 
2015-06-30 10:16:58,395 INFO c.d.x.Connector [EventScannerThread] HASHMAP SIZE: 0 
2015-06-30 10:17:01,469 INFO c.d.x.Connector [EventScannerThread] Transaction Terminated 
2015-06-30 10:17:01,471 INFO c.d.x.Connector [EventScannerThread] Transaction Terminated 
2015-06-30 10:17:03,973 INFO c.d.x.Connector [EventScannerThread] Dialog Terminated 
2015-06-30 10:17:03,977 INFO c.d.x.Connector [EventScannerThread] Dialog Terminated 
2015-06-30 10:17:06,822 INFO c.d.x.Connector [EventScannerThread] Transaction Terminated 
2015-06-30 10:18:49,396 INFO c.d.x.Connector [main] SipStack Created gov.nist.javax.sip.SipStackImpl@7c83dc97 
2015-06-30 10:18:49,771 INFO c.d.x.Connector [main] SipProvider Created gov.nist.javax.sip.SipProviderImpl@3c77d488 
2015-06-30 10:18:53,156 INFO c.d.x.Call [EventScannerThread] CREATING OPTIONS RESPONSE 
2015-06-30 10:18:53,180 INFO c.d.x.Call [pool-2-thread-1] CREATING 100 TRYING RESPONSE 
2015-06-30 10:18:53,187 INFO c.d.x.Call [pool-2-thread-1] CREATING AN INVITE REQUEST 
2015-06-30 10:18:53,282 INFO c.d.x.Call [EventScannerThread] CREATING 180 RINGING RESPONSE 
2015-06-30 10:18:53,286 INFO c.d.x.Call [EventScannerThread] CREATING ACK REQUEST  
2015-06-30 10:18:53,287 DEBUG c.d.x.Connector [EventScannerThread] REMOTE TAG 
f18cf958-8d409892-13c4-50022-1452-616995f2-1452 
2015-06-30 10:18:53,288 INFO c.d.x.Call [EventScannerThread] CREATING 200OK FOR INVITE 
2015-06-30 10:18:56,566 INFO c.d.x.Connector [EventScannerThread] Transaction Terminated 
2015-06-30 10:18:56,993 INFO c.d.x.Call [main] REMOTE TAG -> f18cf958-8d409892-13c4-50022-1452-616995f2-1452 
2015-06-30 10:18:56,994 INFO c.d.x.Call [main] CREATING INFO REQUEST TO XMS 
2015-06-30 10:19:01,681 INFO c.d.x.Connector [EventScannerThread] Transaction Terminated 
2015-06-30 10:19:02,498 INFO c.d.x.Connector [EventScannerThread] Transaction Terminated 
2015-06-30 10:19:04,725 INFO c.d.x.Call [EventScannerThread] CREATING INFO RESPONSE TO XMS 
2015-06-30 10:19:10,860 INFO c.d.x.Call [EventScannerThread] CREATING INFO RESPONSE TO XMS 
2015-06-30 10:19:25,217 INFO c.d.x.Connector [EventScannerThread] Transaction Terminated 
2015-06-30 10:19:32,035 INFO c.d.x.Call [EventScannerThread] CREATE BYE REQUEST 
2015-06-30 10:19:32,036 DEBUG c.d.x.Call [EventScannerThread] CREATE BYE REQUEST 
BYE sip:msml@146.152.64.141 SIP/2.0
Via: SIP/2.0/UDP 10.20.120.34:5070
CSeq: 3 BYE
From: <sip:Test@10.20.120.34>;tag=12c9d52
To: <sip:msml@146.152.64.141>;tag=f18cf958-8d409892-13c4-50022-1452-616995f2-1452
Call-ID: 6e8a336e70710cf4f79221c4290250a1@10.20.120.34
Max-Forwards: 70
Content-Length: 0

 
2015-06-30 10:19:32,050 INFO c.d.x.Connector [EventScannerThread] HASHMAP SIZE: 0 
2015-06-30 10:19:36,754 INFO c.d.x.Connector [EventScannerThread] Transaction Terminated 
2015-06-30 10:19:37,539 INFO c.d.x.Connector [EventScannerThread] Transaction Terminated 
2015-06-30 10:19:40,034 INFO c.d.x.Connector [EventScannerThread] Dialog Terminated 
2015-06-30 10:19:40,048 INFO c.d.x.Connector [EventScannerThread] Dialog Terminated 
2015-06-30 10:19:42,875 INFO c.d.x.Connector [EventScannerThread] Transaction Terminated 
2015-06-30 10:20:04,034 INFO c.d.x.Connector [EventScannerThread] Transaction Terminated 
2015-06-30 10:21:25,509 INFO c.d.x.Connector [main] SipStack Created gov.nist.javax.sip.SipStackImpl@30a3107a 
2015-06-30 10:21:25,731 INFO c.d.x.Connector [main] SipProvider Created gov.nist.javax.sip.SipProviderImpl@23fe1d71 
2015-06-30 10:21:32,038 INFO c.d.x.Call [EventScannerThread] CREATING OPTIONS RESPONSE 
2015-06-30 10:21:32,070 INFO c.d.x.Call [pool-2-thread-1] CREATING 100 TRYING RESPONSE 
2015-06-30 10:21:32,075 INFO c.d.x.Call [pool-2-thread-1] CREATING AN INVITE REQUEST 
2015-06-30 10:21:32,168 INFO c.d.x.Call [EventScannerThread] CREATING 180 RINGING RESPONSE 
2015-06-30 10:21:32,172 INFO c.d.x.Call [EventScannerThread] CREATING ACK REQUEST  
2015-06-30 10:21:32,174 DEBUG c.d.x.Connector [EventScannerThread] REMOTE TAG 
f18d01a0-8d409892-13c4-50022-14f1-6b03c3fb-14f1 
2015-06-30 10:21:32,174 INFO c.d.x.Call [EventScannerThread] CREATING 200OK FOR INVITE 
2015-06-30 10:21:32,526 INFO c.d.x.Call [main] REMOTE TAG -> f18d01a0-8d409892-13c4-50022-14f1-6b03c3fb-14f1 
2015-06-30 10:21:32,526 INFO c.d.x.Call [main] CREATING INFO REQUEST TO XMS 
2015-06-30 10:21:32,612 INFO c.d.x.Connector [EventScannerThread] Transaction Terminated 
2015-06-30 10:21:38,030 INFO c.d.x.Connector [EventScannerThread] Transaction Terminated 
2015-06-30 10:21:38,049 INFO c.d.x.Call [EventScannerThread] CREATING INFO RESPONSE TO XMS 
2015-06-30 10:21:38,122 INFO c.d.x.Call [EventScannerThread] CREATING INFO RESPONSE TO XMS 
2015-06-30 10:21:38,164 INFO c.d.x.Call [EventScannerThread] CREATING INFO RESPONSE TO XMS 
2015-06-30 10:21:38,233 INFO c.d.x.Call [main] REMOTE TAG -> f18d01a0-8d409892-13c4-50022-14f1-6b03c3fb-14f1 
2015-06-30 10:21:38,234 INFO c.d.x.Call [main] CREATING INFO REQUEST TO XMS 
2015-06-30 10:21:40,570 INFO c.d.x.Connector [EventScannerThread] Transaction Terminated 
2015-06-30 10:21:43,750 INFO c.d.x.Connector [EventScannerThread] Transaction Terminated 
2015-06-30 10:21:58,285 INFO c.d.x.Call [EventScannerThread] CREATING INFO RESPONSE TO XMS 
2015-06-30 10:21:58,431 INFO c.d.x.Call [EventScannerThread] CREATING INFO RESPONSE TO XMS 
2015-06-30 10:21:58,560 INFO c.d.x.Call [EventScannerThread] CREATING INFO RESPONSE TO XMS 
2015-06-30 10:21:58,826 INFO c.d.x.Call [main] REMOTE TAG -> f18d01a0-8d409892-13c4-50022-14f1-6b03c3fb-14f1 
2015-06-30 10:21:58,826 INFO c.d.x.Call [main] CREATING INFO REQUEST TO XMS 
2015-06-30 10:22:04,048 INFO c.d.x.Connector [EventScannerThread] Transaction Terminated 
2015-06-30 10:22:04,328 INFO c.d.x.Connector [EventScannerThread] Transaction Terminated 
2015-06-30 10:22:10,056 INFO c.d.x.Connector [EventScannerThread] Transaction Terminated 
2015-06-30 10:22:10,128 INFO c.d.x.Connector [EventScannerThread] Transaction Terminated 
2015-06-30 10:22:10,165 INFO c.d.x.Connector [EventScannerThread] Transaction Terminated 
2015-06-30 10:22:18,878 INFO c.d.x.Call [EventScannerThread] CREATING INFO RESPONSE TO XMS 
2015-06-30 10:22:19,023 INFO c.d.x.Call [EventScannerThread] CREATING INFO RESPONSE TO XMS 
2015-06-30 10:22:19,129 INFO c.d.x.Call [EventScannerThread] CREATING INFO RESPONSE TO XMS 
2015-06-30 10:22:19,424 INFO c.d.x.Call [main] REMOTE TAG -> f18d01a0-8d409892-13c4-50022-14f1-6b03c3fb-14f1 
2015-06-30 10:22:19,425 INFO c.d.x.Call [main] CREATING INFO REQUEST TO XMS 
2015-06-30 10:22:24,927 INFO c.d.x.Connector [EventScannerThread] Transaction Terminated 
2015-06-30 10:22:30,298 INFO c.d.x.Connector [EventScannerThread] Transaction Terminated 
2015-06-30 10:22:30,451 INFO c.d.x.Connector [EventScannerThread] Transaction Terminated 
2015-06-30 10:22:30,562 INFO c.d.x.Connector [EventScannerThread] Transaction Terminated 
2015-06-30 10:22:39,467 INFO c.d.x.Call [EventScannerThread] CREATING INFO RESPONSE TO XMS 
2015-06-30 10:22:39,588 INFO c.d.x.Call [EventScannerThread] CREATING INFO RESPONSE TO XMS 
2015-06-30 10:22:39,682 INFO c.d.x.Call [EventScannerThread] CREATING INFO RESPONSE TO XMS 
2015-06-30 10:22:39,962 INFO c.d.x.Call [main] REMOTE TAG -> f18d01a0-8d409892-13c4-50022-14f1-6b03c3fb-14f1 
2015-06-30 10:22:39,962 INFO c.d.x.Call [main] CREATING INFO REQUEST TO XMS 
2015-06-30 10:22:45,470 INFO c.d.x.Connector [EventScannerThread] Transaction Terminated 
2015-06-30 10:22:50,905 INFO c.d.x.Connector [EventScannerThread] Transaction Terminated 
2015-06-30 10:22:51,031 INFO c.d.x.Connector [EventScannerThread] Transaction Terminated 
2015-06-30 10:22:51,169 INFO c.d.x.Connector [EventScannerThread] Transaction Terminated 
2015-06-30 10:22:57,624 INFO c.d.x.Call [EventScannerThread] CREATE BYE REQUEST 
2015-06-30 10:22:57,628 DEBUG c.d.x.Call [EventScannerThread] CREATE BYE REQUEST 
BYE sip:msml@146.152.64.141 SIP/2.0
Via: SIP/2.0/UDP 10.20.120.34:5070
CSeq: 7 BYE
From: <sip:Test@10.20.120.34>;tag=1194347
To: <sip:msml@146.152.64.141>;tag=f18d01a0-8d409892-13c4-50022-14f1-6b03c3fb-14f1
Call-ID: 8f9cb0d5759994c345b16c1f39b9d955@10.20.120.34
Allow: INVITE,CANCEL,ACK,BYE,OPTIONS,INFO,REFER,NOTIFY,UPDATE
Max-Forwards: 70
Content-Length: 0

 
2015-06-30 10:22:57,634 INFO c.d.x.Connector [EventScannerThread] HASHMAP SIZE: 0 
2015-06-30 10:23:03,128 INFO c.d.x.Connector [EventScannerThread] Transaction Terminated 
2015-06-30 10:23:05,623 INFO c.d.x.Connector [EventScannerThread] Dialog Terminated 
2015-06-30 10:23:05,633 INFO c.d.x.Connector [EventScannerThread] Dialog Terminated 
2015-06-30 10:23:11,504 INFO c.d.x.Connector [EventScannerThread] Transaction Terminated 
2015-06-30 10:23:11,589 INFO c.d.x.Connector [EventScannerThread] Transaction Terminated 
2015-06-30 10:23:11,689 INFO c.d.x.Connector [EventScannerThread] Transaction Terminated 
2015-06-30 10:23:29,629 INFO c.d.x.Connector [EventScannerThread] Transaction Terminated 
2015-06-30 10:28:25,954 INFO c.d.x.Connector [main] SipStack Created gov.nist.javax.sip.SipStackImpl@30a3107a 
2015-06-30 10:28:26,176 INFO c.d.x.Connector [main] SipProvider Created gov.nist.javax.sip.SipProviderImpl@23fe1d71 
2015-06-30 10:28:31,875 INFO c.d.x.Call [EventScannerThread] CREATING OPTIONS RESPONSE 
2015-06-30 10:28:31,913 INFO c.d.x.Call [pool-2-thread-1] CREATING 100 TRYING RESPONSE 
2015-06-30 10:28:31,918 INFO c.d.x.Call [pool-2-thread-1] CREATING AN INVITE REQUEST 
2015-06-30 10:28:32,014 INFO c.d.x.Call [EventScannerThread] CREATING 180 RINGING RESPONSE 
2015-06-30 10:28:32,017 INFO c.d.x.Call [EventScannerThread] CREATING ACK REQUEST  
2015-06-30 10:28:32,018 DEBUG c.d.x.Connector [EventScannerThread] REMOTE TAG 
f18d2118-8d409892-13c4-50022-1695-7b475549-1695 
2015-06-30 10:28:32,018 INFO c.d.x.Call [EventScannerThread] CREATING 200OK FOR INVITE 
2015-06-30 10:28:32,361 INFO c.d.x.Call [main] REMOTE TAG -> f18d2118-8d409892-13c4-50022-1695-7b475549-1695 
2015-06-30 10:28:32,362 INFO c.d.x.Call [main] CREATING INFO REQUEST TO XMS 
2015-06-30 10:28:32,438 INFO c.d.x.Connector [EventScannerThread] Transaction Terminated 
2015-06-30 10:28:37,661 INFO c.d.x.Call [EventScannerThread] CREATING INFO RESPONSE TO XMS 
2015-06-30 10:28:37,715 INFO c.d.x.Call [EventScannerThread] CREATING INFO RESPONSE TO XMS 
2015-06-30 10:28:37,761 INFO c.d.x.Call [EventScannerThread] CREATING INFO RESPONSE TO XMS 
2015-06-30 10:28:37,854 INFO c.d.x.Call [main] REMOTE TAG -> f18d2118-8d409892-13c4-50022-1695-7b475549-1695 
2015-06-30 10:28:37,854 INFO c.d.x.Call [main] CREATING INFO REQUEST TO XMS 
2015-06-30 10:28:37,870 INFO c.d.x.Connector [EventScannerThread] Transaction Terminated 
2015-06-30 10:28:40,414 INFO c.d.x.Connector [EventScannerThread] Transaction Terminated 
2015-06-30 10:28:42,338 INFO c.d.x.Call [EventScannerThread] CREATE BYE REQUEST 
2015-06-30 10:28:42,338 DEBUG c.d.x.Call [EventScannerThread] CREATE BYE REQUEST 
BYE sip:msml@146.152.64.141 SIP/2.0
Via: SIP/2.0/UDP 10.20.120.34:5070
CSeq: 4 BYE
From: <sip:Test@10.20.120.34>;tag=1b515bb
To: <sip:msml@146.152.64.141>;tag=f18d2118-8d409892-13c4-50022-1695-7b475549-1695
Call-ID: e33e2616b8a3078de683105989741e84@10.20.120.34
Allow: INVITE,CANCEL,ACK,BYE,OPTIONS,INFO,REFER,NOTIFY,UPDATE
Max-Forwards: 70
Content-Length: 0

 
2015-06-30 10:28:42,344 INFO c.d.x.Connector [EventScannerThread] HASHMAP SIZE: 0 
2015-06-30 10:28:43,371 INFO c.d.x.Connector [EventScannerThread] Transaction Terminated 
2015-06-30 10:28:47,838 INFO c.d.x.Connector [EventScannerThread] Transaction Terminated 
2015-06-30 10:28:50,338 INFO c.d.x.Connector [EventScannerThread] Dialog Terminated 
2015-06-30 10:28:50,343 INFO c.d.x.Connector [EventScannerThread] Dialog Terminated 
2015-06-30 10:29:03,903 INFO c.d.x.Connector [EventScannerThread] Transaction Terminated 
2015-06-30 10:29:09,663 INFO c.d.x.Connector [EventScannerThread] Transaction Terminated 
2015-06-30 10:29:09,715 INFO c.d.x.Connector [EventScannerThread] Transaction Terminated 
2015-06-30 10:29:09,761 INFO c.d.x.Connector [EventScannerThread] Transaction Terminated 
2015-06-30 10:29:14,338 INFO c.d.x.Connector [EventScannerThread] Transaction Terminated 
2015-06-30 10:31:56,005 INFO c.d.x.Connector [main] SipStack Created gov.nist.javax.sip.SipStackImpl@30a3107a 
2015-06-30 10:31:56,241 INFO c.d.x.Connector [main] SipProvider Created gov.nist.javax.sip.SipProviderImpl@23fe1d71 
2015-06-30 10:32:01,150 INFO c.d.x.Call [EventScannerThread] CREATING OPTIONS RESPONSE 
2015-06-30 10:32:01,172 INFO c.d.x.Call [pool-2-thread-1] CREATING 100 TRYING RESPONSE 
2015-06-30 10:32:01,178 INFO c.d.x.Call [pool-2-thread-1] CREATING AN INVITE REQUEST 
2015-06-30 10:32:01,292 INFO c.d.x.Call [EventScannerThread] CREATING 180 RINGING RESPONSE 
2015-06-30 10:32:01,293 INFO c.d.x.Call [EventScannerThread] CREATING ACK REQUEST  
2015-06-30 10:32:01,294 DEBUG c.d.x.Connector [EventScannerThread] REMOTE TAG 
f18d2cb0-8d409892-13c4-50022-1766-692a12b8-1766 
2015-06-30 10:32:01,294 INFO c.d.x.Call [EventScannerThread] CREATING 200OK FOR INVITE 
2015-06-30 10:32:01,659 INFO c.d.x.Call [main] REMOTE TAG -> f18d2cb0-8d409892-13c4-50022-1766-692a12b8-1766 
2015-06-30 10:32:01,660 INFO c.d.x.Call [main] CREATING INFO REQUEST TO XMS 
2015-06-30 10:32:01,680 INFO c.d.x.Connector [EventScannerThread] Transaction Terminated 
2015-06-30 10:32:06,962 INFO c.d.x.Call [EventScannerThread] CREATING INFO RESPONSE TO XMS 
2015-06-30 10:32:07,015 INFO c.d.x.Call [EventScannerThread] CREATING INFO RESPONSE TO XMS 
2015-06-30 10:32:07,106 INFO c.d.x.Call [EventScannerThread] CREATING INFO RESPONSE TO XMS 
2015-06-30 10:32:07,149 INFO c.d.x.Call [main] CREATE BYE REQUEST 
2015-06-30 10:32:07,150 DEBUG c.d.x.Call [main] CREATE BYE REQUEST 
BYE sip:toto@10.20.120.34 SIP/2.0
Via: SIP/2.0/UDP 10.20.120.34:5070
CSeq: 1 BYE
From: <sip:Test@10.20.120.34:5070>;tag=120bf91
To: "" <sip:toto@10.20.120.34>;tag=15386
Call-ID: 31445
Max-Forwards: 70
Allow: INVITE, BYE, ACK, CANCEL, OPTIONS, INFO
Content-Length: 0

 
2015-06-30 10:32:07,151 INFO c.d.x.Call [main] CREATE BYE REQUEST 
2015-06-30 10:32:07,151 DEBUG c.d.x.Call [main] CREATE BYE REQUEST 
BYE sip:msml@146.152.64.141 SIP/2.0
Via: SIP/2.0/UDP 10.20.120.34:5070
CSeq: 3 BYE
From: <sip:Test@10.20.120.34>;tag=107716c
To: <sip:msml@146.152.64.141>;tag=f18d2cb0-8d409892-13c4-50022-1766-692a12b8-1766
Call-ID: 1f3d8c09c891e0e1ba97f69e9308bd26@10.20.120.34
Max-Forwards: 70
Content-Length: 0

 
2015-06-30 10:32:07,153 INFO c.d.x.Connector [EventScannerThread] HASHMAP SIZE: 1 
2015-06-30 10:32:07,157 INFO c.d.x.Connector [EventScannerThread] HASHMAP SIZE: 0 
2015-06-30 10:32:07,163 INFO c.d.x.Connector [EventScannerThread] Transaction Terminated 
2015-06-30 10:32:09,673 INFO c.d.x.Connector [EventScannerThread] Transaction Terminated 
2015-06-30 10:32:12,650 INFO c.d.x.Connector [EventScannerThread] Transaction Terminated 
2015-06-30 10:32:12,652 INFO c.d.x.Connector [EventScannerThread] Transaction Terminated 
2015-06-30 10:32:15,152 INFO c.d.x.Connector [EventScannerThread] Dialog Terminated 
2015-06-30 10:32:15,156 INFO c.d.x.Connector [EventScannerThread] Dialog Terminated 
2015-06-30 10:32:33,169 INFO c.d.x.Connector [EventScannerThread] Transaction Terminated 
2015-06-30 10:32:39,011 INFO c.d.x.Connector [EventScannerThread] Transaction Terminated 
2015-06-30 10:32:39,023 INFO c.d.x.Connector [EventScannerThread] Transaction Terminated 
2015-06-30 10:32:39,201 INFO c.d.x.Connector [EventScannerThread] Transaction Terminated 
2015-06-30 10:43:07,746 INFO c.d.x.Connector [main] SipStack Created gov.nist.javax.sip.SipStackImpl@30a3107a 
2015-06-30 10:43:07,960 INFO c.d.x.Connector [main] SipProvider Created gov.nist.javax.sip.SipProviderImpl@23fe1d71 
2015-06-30 10:43:08,017 INFO c.d.x.Call [main] CREATING AN INVITE REQUEST 
2015-06-30 10:43:08,048 INFO c.d.x.Call [EventScannerThread] CREATING ACK REQUEST  
2015-06-30 10:43:08,049 DEBUG c.d.x.Connector [EventScannerThread] REMOTE TAG 
f18d52c8-8d409892-13c4-50022-1a01-14df18f-1a01 
2015-06-30 10:43:08,372 INFO c.d.x.Call [main] REMOTE TAG -> f18d52c8-8d409892-13c4-50022-1a01-14df18f-1a01 
2015-06-30 10:43:08,372 INFO c.d.x.Call [main] CREATING INFO REQUEST TO XMS 
2015-06-30 10:43:08,527 INFO c.d.x.Connector [EventScannerThread] Transaction Terminated 
2015-06-30 10:43:13,873 INFO c.d.x.Connector [EventScannerThread] Transaction Terminated 
2015-06-30 10:43:57,708 INFO c.d.x.Call [EventScannerThread] CREATING OPTIONS RESPONSE 
2015-06-30 10:43:57,719 INFO c.d.x.Call [pool-2-thread-1] CREATING 100 TRYING RESPONSE 
2015-06-30 10:43:57,723 INFO c.d.x.Call [pool-2-thread-1] CREATING AN INVITE REQUEST 
2015-06-30 10:43:57,800 INFO c.d.x.Call [EventScannerThread] CREATING 180 RINGING RESPONSE 
2015-06-30 10:43:57,802 INFO c.d.x.Call [EventScannerThread] CREATING ACK REQUEST  
2015-06-30 10:43:57,803 DEBUG c.d.x.Connector [EventScannerThread] REMOTE TAG 
f18d5618-8d409892-13c4-50022-1a33-70577b1b-1a33 
2015-06-30 10:43:57,803 INFO c.d.x.Call [EventScannerThread] CREATING 200OK FOR INVITE 
2015-06-30 10:43:57,947 INFO c.d.x.Call [main] REMOTE TAG -> f18d5618-8d409892-13c4-50022-1a33-70577b1b-1a33 
2015-06-30 10:43:57,951 INFO c.d.x.Call [main] CREATING INFO REQUEST TO XMS 
2015-06-30 10:43:58,224 INFO c.d.x.Connector [EventScannerThread] Transaction Terminated 
2015-06-30 10:44:03,456 INFO c.d.x.Connector [EventScannerThread] Transaction Terminated 
2015-06-30 10:44:06,220 INFO c.d.x.Connector [EventScannerThread] Transaction Terminated 
2015-06-30 10:44:20,660 INFO c.d.x.Call [EventScannerThread] CREATING OPTIONS RESPONSE 
2015-06-30 10:44:20,680 INFO c.d.x.Call [pool-2-thread-2] CREATING 100 TRYING RESPONSE 
2015-06-30 10:44:20,686 INFO c.d.x.Call [pool-2-thread-2] CREATING AN INVITE REQUEST 
2015-06-30 10:44:20,768 INFO c.d.x.Call [EventScannerThread] CREATING 180 RINGING RESPONSE 
2015-06-30 10:44:20,772 INFO c.d.x.Call [EventScannerThread] CREATING ACK REQUEST  
2015-06-30 10:44:20,773 DEBUG c.d.x.Connector [EventScannerThread] REMOTE TAG 
f18d5968-8d409892-13c4-50022-1a4a-13f2a27-1a4a 
2015-06-30 10:44:20,773 INFO c.d.x.Call [EventScannerThread] CREATING 200OK FOR INVITE 
2015-06-30 10:44:20,855 INFO c.d.x.Call [main] REMOTE TAG -> f18d5968-8d409892-13c4-50022-1a4a-13f2a27-1a4a 
2015-06-30 10:44:20,857 INFO c.d.x.Call [main] CREATING INFO REQUEST TO XMS 
2015-06-30 10:44:21,186 INFO c.d.x.Connector [EventScannerThread] Transaction Terminated 
2015-06-30 10:44:26,372 INFO c.d.x.Connector [EventScannerThread] Transaction Terminated 
2015-06-30 10:44:29,180 INFO c.d.x.Connector [EventScannerThread] Transaction Terminated 
2015-06-30 10:44:29,710 INFO c.d.x.Connector [EventScannerThread] Transaction Terminated 
2015-06-30 10:44:50,859 INFO c.d.x.Call [main] CREATE BYE REQUEST 
2015-06-30 10:44:50,860 DEBUG c.d.x.Call [main] CREATE BYE REQUEST 
BYE sip:toto@10.20.120.15 SIP/2.0
Via: SIP/2.0/UDP 10.20.120.34:5070
CSeq: 1 BYE
From: <sip:Test@10.20.120.34:5070>;tag=17df2be
To: <sip:toto@10.20.120.15>;tag=31758
Call-ID: 27194
Max-Forwards: 70
Allow: INVITE, BYE, ACK, CANCEL, OPTIONS, INFO
Content-Length: 0

 
2015-06-30 10:44:50,860 INFO c.d.x.Call [main] CREATE BYE REQUEST 
2015-06-30 10:44:50,860 DEBUG c.d.x.Call [main] CREATE BYE REQUEST 
BYE sip:msml@146.152.64.141 SIP/2.0
Via: SIP/2.0/UDP 10.20.120.34:5070
CSeq: 3 BYE
From: <sip:Test@10.20.120.34>;tag=1c135a6
To: <sip:msml@146.152.64.141>;tag=f18d5618-8d409892-13c4-50022-1a33-70577b1b-1a33
Call-ID: 4754ed2777243516e07740c2d31ad3e3@10.20.120.34
Allow: INVITE,CANCEL,ACK,BYE,OPTIONS,INFO,REFER,NOTIFY,UPDATE
Max-Forwards: 70
Content-Length: 0

 
2015-06-30 10:44:50,864 INFO c.d.x.Connector [EventScannerThread] HASHMAP SIZE: 4 
2015-06-30 10:44:50,869 INFO c.d.x.Connector [EventScannerThread] HASHMAP SIZE: 3 
2015-06-30 10:44:50,870 INFO c.d.x.Call [main] CREATE BYE REQUEST 
2015-06-30 10:44:50,870 DEBUG c.d.x.Call [main] CREATE BYE REQUEST 
BYE sip:toto@10.20.120.34 SIP/2.0
Via: SIP/2.0/UDP 10.20.120.34:5070
CSeq: 1 BYE
From: <sip:Test@10.20.120.34:5070>;tag=1d29b83
To: "" <sip:toto@10.20.120.34>;tag=17508
Call-ID: 24436
Max-Forwards: 70
Allow: INVITE, BYE, ACK, CANCEL, OPTIONS, INFO
Content-Length: 0

 
2015-06-30 10:44:50,871 INFO c.d.x.Call [main] CREATE BYE REQUEST 
2015-06-30 10:44:50,871 DEBUG c.d.x.Call [main] CREATE BYE REQUEST 
BYE sip:msml@146.152.64.141 SIP/2.0
Via: SIP/2.0/UDP 10.20.120.34:5070
CSeq: 3 BYE
From: <sip:Test@10.20.120.34>;tag=1c135a6
To: <sip:msml@146.152.64.141>;tag=f18d5968-8d409892-13c4-50022-1a4a-13f2a27-1a4a
Call-ID: 443b4203ec4b9b0473f344cab569db72@10.20.120.34
Allow: INVITE,CANCEL,ACK,BYE,OPTIONS,INFO,REFER,NOTIFY,UPDATE
Max-Forwards: 70
Content-Length: 0

 
2015-06-30 10:44:50,888 INFO c.d.x.Connector [EventScannerThread] HASHMAP SIZE: 2 
2015-06-30 10:44:50,890 INFO c.d.x.Connector [EventScannerThread] HASHMAP SIZE: 1 
2015-06-30 10:44:50,994 INFO c.d.x.Call [EventScannerThread] CREATING INFO RESPONSE TO XMS 
2015-06-30 10:44:51,269 INFO c.d.x.Call [EventScannerThread] REMOTE TAG -> f18d52c8-8d409892-13c4-50022-1a01-14df18f-1a01 
2015-06-30 10:44:51,269 INFO c.d.x.Call [EventScannerThread] CREATING INFO REQUEST TO XMS 
2015-06-30 10:44:51,271 INFO c.d.x.Call [EventScannerThread] CREATE BYE REQUEST 
2015-06-30 10:44:51,272 DEBUG c.d.x.Call [EventScannerThread] CREATE BYE REQUEST 
BYE sip:msml@146.152.64.141 SIP/2.0
Via: SIP/2.0/UDP 10.20.120.34:5070
CSeq: 4 BYE
From: <sip:Test@10.20.120.34>;tag=1c135a6
To: <sip:msml@146.152.64.141>;tag=f18d52c8-8d409892-13c4-50022-1a01-14df18f-1a01
Call-ID: 29e5e13f742c848d3a32c8bdf5c375de@10.20.120.34
Max-Forwards: 70
Content-Length: 0

 
2015-06-30 10:44:51,277 INFO c.d.x.Connector [EventScannerThread] HASHMAP SIZE: 0 
2015-06-30 10:44:52,666 INFO c.d.x.Connector [EventScannerThread] Transaction Terminated 
2015-06-30 10:44:56,360 INFO c.d.x.Connector [EventScannerThread] Transaction Terminated 
2015-06-30 10:44:56,365 INFO c.d.x.Connector [EventScannerThread] Transaction Terminated 
2015-06-30 10:44:56,371 INFO c.d.x.Connector [EventScannerThread] Transaction Terminated 
2015-06-30 10:44:56,371 INFO c.d.x.Connector [EventScannerThread] Transaction Terminated 
2015-06-30 10:44:56,773 INFO c.d.x.Connector [EventScannerThread] Transaction Terminated 
2015-06-30 10:44:57,271 INFO c.d.x.Connector [EventScannerThread] Transaction Terminated 
2015-06-30 10:44:58,863 INFO c.d.x.Connector [EventScannerThread] Dialog Terminated 
2015-06-30 10:44:58,868 INFO c.d.x.Connector [EventScannerThread] Dialog Terminated 
2015-06-30 10:44:58,878 INFO c.d.x.Connector [EventScannerThread] Dialog Terminated 
2015-06-30 10:44:58,888 INFO c.d.x.Connector [EventScannerThread] Dialog Terminated 
2015-06-30 10:44:59,276 INFO c.d.x.Connector [EventScannerThread] Dialog Terminated 
2015-06-30 10:45:22,994 INFO c.d.x.Connector [EventScannerThread] Transaction Terminated 
2015-06-30 15:36:38,527 INFO c.d.x.Connector [main] SipStack Created gov.nist.javax.sip.SipStackImpl@30a3107a 
2015-06-30 15:36:38,893 INFO c.d.x.Connector [main] SipProvider Created gov.nist.javax.sip.SipProviderImpl@23fe1d71 
2015-06-30 15:36:39,178 INFO c.d.x.Call [main] CREATING AN INVITE REQUEST 
2015-06-30 15:36:39,247 INFO c.d.x.Call [EventScannerThread] CREATING ACK REQUEST  
2015-06-30 15:36:39,248 DEBUG c.d.x.Connector [EventScannerThread] REMOTE TAG 
f18d66a8-8d409892-13c4-50022-5ecc-8b571ab-5ecc 
2015-06-30 15:36:39,693 INFO c.d.x.Connector [EventScannerThread] Transaction Terminated 
2015-06-30 15:36:40,540 INFO c.d.x.Call [main] REMOTE TAG -> f18d66a8-8d409892-13c4-50022-5ecc-8b571ab-5ecc 
2015-06-30 15:36:40,540 INFO c.d.x.Call [main] CREATING INFO REQUEST TO XMS 
2015-06-30 15:36:46,044 INFO c.d.x.Connector [EventScannerThread] Transaction Terminated 
2015-06-30 15:38:30,218 INFO c.d.x.Connector [main] SipStack Created gov.nist.javax.sip.SipStackImpl@30a3107a 
2015-06-30 15:38:30,535 INFO c.d.x.Connector [main] SipProvider Created gov.nist.javax.sip.SipProviderImpl@23fe1d71 
2015-06-30 15:38:30,643 INFO c.d.x.Call [main] CREATING AN INVITE REQUEST 
2015-06-30 15:38:30,705 INFO c.d.x.Call [EventScannerThread] CREATING ACK REQUEST  
2015-06-30 15:38:30,706 DEBUG c.d.x.Connector [EventScannerThread] REMOTE TAG 
f18d69f8-8d409892-13c4-50022-5f3c-61847327-5f3c 
2015-06-30 15:38:31,172 INFO c.d.x.Connector [EventScannerThread] Transaction Terminated 
2015-06-30 15:38:31,405 INFO c.d.x.Call [main] REMOTE TAG -> f18d69f8-8d409892-13c4-50022-5f3c-61847327-5f3c 
2015-06-30 15:38:31,405 INFO c.d.x.Call [main] CREATING INFO REQUEST TO XMS 
2015-06-30 15:38:36,908 INFO c.d.x.Connector [EventScannerThread] Transaction Terminated 
2015-06-30 15:47:12,528 INFO c.d.x.Connector [main] SipStack Created gov.nist.javax.sip.SipStackImpl@30a3107a 
2015-06-30 15:47:12,832 INFO c.d.x.Connector [main] SipProvider Created gov.nist.javax.sip.SipProviderImpl@23fe1d71 
2015-06-30 15:47:12,943 INFO c.d.x.Call [main] CREATING AN INVITE REQUEST 
2015-06-30 15:47:13,016 INFO c.d.x.Call [EventScannerThread] CREATING ACK REQUEST  
2015-06-30 15:47:13,017 DEBUG c.d.x.Connector [EventScannerThread] REMOTE TAG 
f0cbf6f8-8d409892-13c4-50022-145-683792ee-145 
2015-06-30 15:47:13,473 INFO c.d.x.Connector [EventScannerThread] Transaction Terminated 
2015-06-30 15:47:13,518 INFO c.d.x.Call [main] REMOTE TAG -> f0cbf6f8-8d409892-13c4-50022-145-683792ee-145 
2015-06-30 15:47:13,519 INFO c.d.x.Call [main] CREATING INFO REQUEST TO XMS 
2015-06-30 15:47:19,021 INFO c.d.x.Connector [EventScannerThread] Transaction Terminated 
2015-06-30 15:47:26,305 INFO c.d.x.Call [EventScannerThread] CREATING OPTIONS RESPONSE 
2015-06-30 15:47:26,364 INFO c.d.x.Call [pool-2-thread-1] CREATING 100 TRYING RESPONSE 
2015-06-30 15:47:26,372 INFO c.d.x.Call [pool-2-thread-1] CREATING AN INVITE REQUEST 
2015-06-30 15:47:26,478 INFO c.d.x.Call [EventScannerThread] CREATING 180 RINGING RESPONSE 
2015-06-30 15:47:26,481 INFO c.d.x.Call [EventScannerThread] CREATING ACK REQUEST  
2015-06-30 15:47:26,482 DEBUG c.d.x.Connector [EventScannerThread] REMOTE TAG 
f0cbfa48-8d409892-13c4-50022-152-701b19ca-152 
2015-06-30 15:47:26,482 INFO c.d.x.Call [EventScannerThread] CREATING 200OK FOR INVITE 
2015-06-30 15:47:26,615 INFO c.d.x.Call [main] REMOTE TAG -> f0cbfa48-8d409892-13c4-50022-152-701b19ca-152 
2015-06-30 15:47:26,616 INFO c.d.x.Call [main] CREATING INFO REQUEST TO XMS 
2015-06-30 15:47:26,737 INFO c.d.x.Call [EventScannerThread] CREATING INFO RESPONSE TO XMS 
2015-06-30 15:47:26,832 INFO c.d.x.Call [main] REMOTE TAG -> f0cbfa48-8d409892-13c4-50022-152-701b19ca-152 
2015-06-30 15:47:26,833 INFO c.d.x.Call [main] CREATING INFO REQUEST TO XMS 
2015-06-30 15:47:26,873 INFO c.d.x.Connector [EventScannerThread] Transaction Terminated 
2015-06-30 15:47:32,184 INFO c.d.x.Connector [EventScannerThread] Transaction Terminated 
2015-06-30 15:47:32,335 INFO c.d.x.Connector [EventScannerThread] Transaction Terminated 
2015-06-30 15:47:34,865 INFO c.d.x.Connector [EventScannerThread] Transaction Terminated 
2015-06-30 15:47:48,927 INFO c.d.x.Call [EventScannerThread] CREATE BYE REQUEST 
2015-06-30 15:47:48,928 DEBUG c.d.x.Call [EventScannerThread] CREATE BYE REQUEST 
BYE sip:msml@146.152.64.141 SIP/2.0
Via: SIP/2.0/UDP 10.20.137.74:5070
CSeq: 4 BYE
From: <sip:Test@10.20.137.74>;tag=175cb27
To: <sip:msml@146.152.64.141>;tag=f0cbfa48-8d409892-13c4-50022-152-701b19ca-152
Call-ID: d8c0f16dd7db65e12c11d2683e1a1147@10.20.137.74
Allow: INVITE,CANCEL,ACK,BYE,OPTIONS,INFO,REFER,NOTIFY,UPDATE
Max-Forwards: 70
Content-Length: 0

 
2015-06-30 15:47:48,942 INFO c.d.x.Connector [EventScannerThread] HASHMAP SIZE: 1 
2015-06-30 15:47:49,055 INFO c.d.x.Call [EventScannerThread] CREATING INFO RESPONSE TO XMS 
2015-06-30 15:47:49,379 INFO c.d.x.Call [EventScannerThread] REMOTE TAG -> f0cbf6f8-8d409892-13c4-50022-145-683792ee-145 
2015-06-30 15:47:49,380 INFO c.d.x.Call [EventScannerThread] CREATING INFO REQUEST TO XMS 
2015-06-30 15:47:49,382 INFO c.d.x.Call [EventScannerThread] CREATE BYE REQUEST 
2015-06-30 15:47:49,382 DEBUG c.d.x.Call [EventScannerThread] CREATE BYE REQUEST 
BYE sip:msml@146.152.64.141 SIP/2.0
Via: SIP/2.0/UDP 10.20.137.74:5070
CSeq: 4 BYE
From: <sip:Test@10.20.137.74>;tag=175cb27
To: <sip:msml@146.152.64.141>;tag=f0cbf6f8-8d409892-13c4-50022-145-683792ee-145
Call-ID: 540078fe0eb695814e68f08831e45b53@10.20.137.74
Max-Forwards: 70
Content-Length: 0

 
2015-06-30 15:47:49,388 INFO c.d.x.Connector [EventScannerThread] HASHMAP SIZE: 0 
2015-06-30 15:47:54,429 INFO c.d.x.Connector [EventScannerThread] Transaction Terminated 
2015-06-30 15:47:54,903 INFO c.d.x.Connector [EventScannerThread] Transaction Terminated 
2015-06-30 15:47:55,403 INFO c.d.x.Connector [EventScannerThread] Transaction Terminated 
2015-06-30 15:47:56,926 INFO c.d.x.Connector [EventScannerThread] Dialog Terminated 
2015-06-30 15:47:56,938 INFO c.d.x.Connector [EventScannerThread] Dialog Terminated 
2015-06-30 15:47:57,388 INFO c.d.x.Connector [EventScannerThread] Dialog Terminated 
2015-06-30 15:47:58,343 INFO c.d.x.Connector [EventScannerThread] Transaction Terminated 
2015-06-30 15:47:58,803 INFO c.d.x.Connector [EventScannerThread] Transaction Terminated 
2015-06-30 15:48:20,931 INFO c.d.x.Connector [EventScannerThread] Transaction Terminated 
2015-06-30 15:48:21,058 INFO c.d.x.Connector [EventScannerThread] Transaction Terminated 
2015-06-30 15:54:38,889 INFO c.d.x.Connector [main] SipStack Created gov.nist.javax.sip.SipStackImpl@30a3107a 
2015-06-30 15:54:39,200 INFO c.d.x.Connector [main] SipProvider Created gov.nist.javax.sip.SipProviderImpl@23fe1d71 
2015-06-30 15:54:39,289 INFO c.d.x.Call [main] CREATING AN INVITE REQUEST 
2015-06-30 15:54:39,365 INFO c.d.x.Call [EventScannerThread] CREATING ACK REQUEST  
2015-06-30 15:54:39,366 DEBUG c.d.x.Connector [EventScannerThread] REMOTE TAG 
f0cc0930-8d409892-13c4-50022-303-7bd4edd5-303 
2015-06-30 15:54:39,818 INFO c.d.x.Connector [EventScannerThread] Transaction Terminated 
2015-06-30 15:54:39,916 INFO c.d.x.Call [main] REMOTE TAG -> f0cc0930-8d409892-13c4-50022-303-7bd4edd5-303 
2015-06-30 15:54:39,916 INFO c.d.x.Call [main] CREATING INFO REQUEST TO XMS 
2015-06-30 15:54:45,419 INFO c.d.x.Connector [EventScannerThread] Transaction Terminated 
2015-06-30 15:54:58,536 INFO c.d.x.Call [EventScannerThread] CREATING OPTIONS RESPONSE 
2015-06-30 15:54:58,564 INFO c.d.x.Call [pool-2-thread-1] CREATING 100 TRYING RESPONSE 
2015-06-30 15:54:58,568 INFO c.d.x.Call [pool-2-thread-1] CREATING AN INVITE REQUEST 
2015-06-30 15:54:58,697 INFO c.d.x.Call [EventScannerThread] CREATING 180 RINGING RESPONSE 
2015-06-30 15:54:58,699 INFO c.d.x.Call [EventScannerThread] CREATING ACK REQUEST  
2015-06-30 15:54:58,700 DEBUG c.d.x.Connector [EventScannerThread] REMOTE TAG 
f0cc0c80-8d409892-13c4-50022-317-33ecfa21-317 
2015-06-30 15:54:58,700 INFO c.d.x.Call [EventScannerThread] CREATING 200OK FOR INVITE 
2015-06-30 15:54:58,788 INFO c.d.x.Call [main] REMOTE TAG -> f0cc0c80-8d409892-13c4-50022-317-33ecfa21-317 
2015-06-30 15:54:58,789 INFO c.d.x.Call [main] CREATING INFO REQUEST TO XMS 
2015-06-30 15:54:58,875 INFO c.d.x.Call [EventScannerThread] CREATING INFO RESPONSE TO XMS 
2015-06-30 15:54:58,971 INFO c.d.x.Call [main] REMOTE TAG -> f0cc0c80-8d409892-13c4-50022-317-33ecfa21-317 
2015-06-30 15:54:58,971 INFO c.d.x.Call [main] CREATING INFO REQUEST TO XMS 
2015-06-30 15:54:59,069 INFO c.d.x.Connector [EventScannerThread] Transaction Terminated 
2015-06-30 15:55:04,296 INFO c.d.x.Connector [EventScannerThread] Transaction Terminated 
2015-06-30 15:55:04,473 INFO c.d.x.Connector [EventScannerThread] Transaction Terminated 
2015-06-30 15:55:07,064 INFO c.d.x.Connector [EventScannerThread] Transaction Terminated 
2015-06-30 15:55:30,572 INFO c.d.x.Connector [EventScannerThread] Transaction Terminated 
2015-06-30 15:55:30,924 INFO c.d.x.Connector [EventScannerThread] Transaction Terminated 
2015-06-30 15:56:07,677 INFO c.d.x.Call [EventScannerThread] CREATE BYE REQUEST 
2015-06-30 15:56:07,677 DEBUG c.d.x.Call [EventScannerThread] CREATE BYE REQUEST 
BYE sip:msml@146.152.64.141 SIP/2.0
Via: SIP/2.0/UDP 10.20.137.74:5070
CSeq: 4 BYE
From: <sip:Test@10.20.137.74>;tag=1a45320
To: <sip:msml@146.152.64.141>;tag=f0cc0c80-8d409892-13c4-50022-317-33ecfa21-317
Call-ID: 62065af8bf321452cd5fac2416b681d6@10.20.137.74
Allow: INVITE,CANCEL,ACK,BYE,OPTIONS,INFO,REFER,NOTIFY,UPDATE
Max-Forwards: 70
Content-Length: 0

 
2015-06-30 15:56:07,790 INFO c.d.x.Connector [EventScannerThread] HASHMAP SIZE: 1 
2015-06-30 15:56:07,875 INFO c.d.x.Call [EventScannerThread] CREATING INFO RESPONSE TO XMS 
2015-06-30 15:56:08,221 INFO c.d.x.Call [EventScannerThread] REMOTE TAG -> f0cc0930-8d409892-13c4-50022-303-7bd4edd5-303 
2015-06-30 15:56:08,221 INFO c.d.x.Call [EventScannerThread] CREATING INFO REQUEST TO XMS 
2015-06-30 15:56:08,222 INFO c.d.x.Call [EventScannerThread] CREATE BYE REQUEST 
2015-06-30 15:56:08,222 DEBUG c.d.x.Call [EventScannerThread] CREATE BYE REQUEST 
BYE sip:msml@146.152.64.141 SIP/2.0
Via: SIP/2.0/UDP 10.20.137.74:5070
CSeq: 4 BYE
From: <sip:Test@10.20.137.74>;tag=1a45320
To: <sip:msml@146.152.64.141>;tag=f0cc0930-8d409892-13c4-50022-303-7bd4edd5-303
Call-ID: 0b4cf71fc8e25ac3eabee24abbab011f@10.20.137.74
Max-Forwards: 70
Content-Length: 0

 
2015-06-30 15:56:08,232 INFO c.d.x.Connector [EventScannerThread] HASHMAP SIZE: 0 
2015-06-30 15:56:13,178 INFO c.d.x.Connector [EventScannerThread] Transaction Terminated 
2015-06-30 15:56:13,723 INFO c.d.x.Connector [EventScannerThread] Transaction Terminated 
2015-06-30 15:56:14,223 INFO c.d.x.Connector [EventScannerThread] Transaction Terminated 
2015-06-30 15:56:15,676 INFO c.d.x.Connector [EventScannerThread] Dialog Terminated 
2015-06-30 15:56:15,790 INFO c.d.x.Connector [EventScannerThread] Dialog Terminated 
2015-06-30 15:56:16,230 INFO c.d.x.Connector [EventScannerThread] Dialog Terminated 
2015-06-30 15:56:25,044 INFO c.d.x.Connector [main] SipStack Created gov.nist.javax.sip.SipStackImpl@30a3107a 
2015-06-30 15:56:25,505 INFO c.d.x.Connector [main] SipProvider Created gov.nist.javax.sip.SipProviderImpl@23fe1d71 
2015-06-30 15:56:25,617 INFO c.d.x.Call [main] CREATING AN INVITE REQUEST 
2015-06-30 15:56:25,695 INFO c.d.x.Call [EventScannerThread] CREATING ACK REQUEST  
2015-06-30 15:56:25,696 DEBUG c.d.x.Connector [EventScannerThread] REMOTE TAG 
f0cc1b68-8d409892-13c4-50022-36e-199a339b-36e 
2015-06-30 15:56:26,138 INFO c.d.x.Connector [EventScannerThread] Transaction Terminated 
2015-06-30 15:56:26,194 INFO c.d.x.Call [main] REMOTE TAG -> f0cc1b68-8d409892-13c4-50022-36e-199a339b-36e 
2015-06-30 15:56:26,196 INFO c.d.x.Call [main] CREATING INFO REQUEST TO XMS 
2015-06-30 15:56:29,772 INFO c.d.x.Call [EventScannerThread] CREATING OPTIONS RESPONSE 
2015-06-30 15:56:29,806 INFO c.d.x.Call [pool-2-thread-1] CREATING 100 TRYING RESPONSE 
2015-06-30 15:56:29,813 INFO c.d.x.Call [pool-2-thread-1] CREATING AN INVITE REQUEST 
2015-06-30 15:56:29,930 INFO c.d.x.Call [EventScannerThread] CREATING 180 RINGING RESPONSE 
2015-06-30 15:56:29,937 INFO c.d.x.Call [EventScannerThread] CREATING ACK REQUEST  
2015-06-30 15:56:29,937 DEBUG c.d.x.Connector [EventScannerThread] REMOTE TAG 
f0cc1eb8-8d409892-13c4-50022-372-50218317-372 
2015-06-30 15:56:29,937 INFO c.d.x.Call [EventScannerThread] CREATING 200OK FOR INVITE 
2015-06-30 15:56:30,041 INFO c.d.x.Call [main] REMOTE TAG -> f0cc1eb8-8d409892-13c4-50022-372-50218317-372 
2015-06-30 15:56:30,042 INFO c.d.x.Call [main] CREATING INFO REQUEST TO XMS 
2015-06-30 15:56:30,315 INFO c.d.x.Connector [EventScannerThread] Transaction Terminated 
2015-06-30 15:56:31,699 INFO c.d.x.Connector [EventScannerThread] Transaction Terminated 
2015-06-30 15:56:35,599 INFO c.d.x.Connector [EventScannerThread] Transaction Terminated 
2015-06-30 15:56:38,307 INFO c.d.x.Connector [EventScannerThread] Transaction Terminated 
2015-06-30 15:56:58,801 INFO c.d.x.Call [EventScannerThread] CREATING INFO RESPONSE TO XMS 
2015-06-30 15:56:58,881 INFO c.d.x.Call [EventScannerThread] CREATING INFO RESPONSE TO XMS 
2015-06-30 15:56:59,172 INFO c.d.x.Call [main] REMOTE TAG -> f0cc1eb8-8d409892-13c4-50022-372-50218317-372 
2015-06-30 15:56:59,173 INFO c.d.x.Call [main] CREATING INFO REQUEST TO XMS 
2015-06-30 15:57:01,869 INFO c.d.x.Connector [EventScannerThread] Transaction Terminated 
2015-06-30 15:57:04,675 INFO c.d.x.Connector [EventScannerThread] Transaction Terminated 
2015-06-30 15:57:30,844 INFO c.d.x.Connector [EventScannerThread] Transaction Terminated 
2015-06-30 15:57:30,915 INFO c.d.x.Connector [EventScannerThread] Transaction Terminated 
2015-06-30 15:57:48,759 INFO c.d.x.Call [EventScannerThread] CREATE BYE REQUEST 
2015-06-30 15:57:48,760 DEBUG c.d.x.Call [EventScannerThread] CREATE BYE REQUEST 
BYE sip:msml@146.152.64.141 SIP/2.0
Via: SIP/2.0/UDP 10.20.137.74:5070
CSeq: 4 BYE
From: <sip:Test@10.20.137.74>;tag=1d5f50a
To: <sip:msml@146.152.64.141>;tag=f0cc1eb8-8d409892-13c4-50022-372-50218317-372
Call-ID: 2d3bfd43044e40d7769b1a69114f9b7e@10.20.137.74
Allow: INVITE,CANCEL,ACK,BYE,OPTIONS,INFO,REFER,NOTIFY,UPDATE
Max-Forwards: 70
Content-Length: 0

 
2015-06-30 15:57:48,771 INFO c.d.x.Connector [EventScannerThread] HASHMAP SIZE: 1 
2015-06-30 15:57:48,858 INFO c.d.x.Call [EventScannerThread] CREATING INFO RESPONSE TO XMS 
2015-06-30 15:57:49,151 INFO c.d.x.Call [EventScannerThread] REMOTE TAG -> f0cc1b68-8d409892-13c4-50022-36e-199a339b-36e 
2015-06-30 15:57:49,153 INFO c.d.x.Call [EventScannerThread] CREATING INFO REQUEST TO XMS 
2015-06-30 15:57:49,156 INFO c.d.x.Call [EventScannerThread] CREATE BYE REQUEST 
2015-06-30 15:57:49,157 DEBUG c.d.x.Call [EventScannerThread] CREATE BYE REQUEST 
BYE sip:msml@146.152.64.141 SIP/2.0
Via: SIP/2.0/UDP 10.20.137.74:5070
CSeq: 4 BYE
From: <sip:Test@10.20.137.74>;tag=1d5f50a
To: <sip:msml@146.152.64.141>;tag=f0cc1b68-8d409892-13c4-50022-36e-199a339b-36e
Call-ID: c0023c3cb14532a148660010b6070cb1@10.20.137.74
Max-Forwards: 70
Content-Length: 0

 
2015-06-30 15:57:49,164 INFO c.d.x.Connector [EventScannerThread] HASHMAP SIZE: 0 
2015-06-30 15:57:54,334 INFO c.d.x.Connector [EventScannerThread] Transaction Terminated 
2015-06-30 15:57:54,738 INFO c.d.x.Connector [EventScannerThread] Transaction Terminated 
2015-06-30 15:57:55,238 INFO c.d.x.Connector [EventScannerThread] Transaction Terminated 
2015-06-30 15:57:56,767 INFO c.d.x.Connector [EventScannerThread] Dialog Terminated 
2015-06-30 15:57:56,770 INFO c.d.x.Connector [EventScannerThread] Dialog Terminated 
2015-06-30 15:57:57,170 INFO c.d.x.Connector [EventScannerThread] Dialog Terminated 
2015-06-30 15:58:20,855 INFO c.d.x.Connector [EventScannerThread] Transaction Terminated 
2015-06-30 15:58:20,877 INFO c.d.x.Connector [EventScannerThread] Transaction Terminated 
2015-06-30 16:00:29,076 INFO c.d.x.Connector [main] SipStack Created gov.nist.javax.sip.SipStackImpl@30a3107a 
2015-06-30 16:00:29,366 INFO c.d.x.Connector [main] SipProvider Created gov.nist.javax.sip.SipProviderImpl@23fe1d71 
2015-06-30 16:00:29,471 INFO c.d.x.Call [main] CREATING AN INVITE REQUEST 
2015-06-30 16:00:29,563 INFO c.d.x.Call [EventScannerThread] CREATING ACK REQUEST  
2015-06-30 16:00:29,564 DEBUG c.d.x.Connector [EventScannerThread] REMOTE TAG 
f0cc2f48-8d409892-13c4-50022-462-6100f3c-462 
2015-06-30 16:00:29,996 INFO c.d.x.Connector [EventScannerThread] Transaction Terminated 
2015-06-30 16:00:30,059 INFO c.d.x.Call [main] REMOTE TAG -> f0cc2f48-8d409892-13c4-50022-462-6100f3c-462 
2015-06-30 16:00:30,060 INFO c.d.x.Call [main] CREATING INFO REQUEST TO XMS 
2015-06-30 16:00:35,015 INFO c.d.x.Call [EventScannerThread] CREATING OPTIONS RESPONSE 
2015-06-30 16:00:35,048 INFO c.d.x.Call [pool-2-thread-1] CREATING 100 TRYING RESPONSE 
2015-06-30 16:00:35,055 INFO c.d.x.Call [pool-2-thread-1] CREATING AN INVITE REQUEST 
2015-06-30 16:00:35,189 INFO c.d.x.Call [EventScannerThread] CREATING 180 RINGING RESPONSE 
2015-06-30 16:00:35,193 INFO c.d.x.Call [EventScannerThread] CREATING ACK REQUEST  
2015-06-30 16:00:35,194 DEBUG c.d.x.Connector [EventScannerThread] REMOTE TAG 
f0cc3298-8d409892-13c4-50022-467-26900168-467 
2015-06-30 16:00:35,194 INFO c.d.x.Call [EventScannerThread] CREATING 200OK FOR INVITE 
2015-06-30 16:00:35,334 INFO c.d.x.Call [main] REMOTE TAG -> f0cc3298-8d409892-13c4-50022-467-26900168-467 
2015-06-30 16:00:35,335 INFO c.d.x.Call [main] CREATING INFO REQUEST TO XMS 
2015-06-30 16:00:35,555 INFO c.d.x.Connector [EventScannerThread] Transaction Terminated 
2015-06-30 16:00:35,563 INFO c.d.x.Connector [EventScannerThread] Transaction Terminated 
2015-06-30 16:00:40,864 INFO c.d.x.Connector [EventScannerThread] Transaction Terminated 
2015-06-30 16:00:43,549 INFO c.d.x.Connector [EventScannerThread] Transaction Terminated 
2015-06-30 16:00:45,436 FATAL c.d.x.Call [EventScannerThread] null host java.lang.NullPointerException: null host
	at gov.nist.javax.sip.address.AddressFactoryImpl.createSipURI(AddressFactoryImpl.java:114)
	at com.dialogic.xmstesting.Call.createInfoResponse(Call.java:385)
	at com.dialogic.xmstesting.Call.handleStackRequest(Call.java:117)
	at com.dialogic.xmstesting.Connector.processRequest(Connector.java:214)
	at gov.nist.javax.sip.EventScanner.deliverEvent(EventScanner.java:223)
	at gov.nist.javax.sip.EventScanner.run(EventScanner.java:492)
	at java.lang.Thread.run(Thread.java:745)

2015-06-30 16:01:04,148 INFO c.d.x.Call [EventScannerThread] CREATING INFO RESPONSE TO XMS 
2015-06-30 16:01:04,204 INFO c.d.x.Call [EventScannerThread] CREATING INFO RESPONSE TO XMS 
2015-06-30 16:01:04,963 INFO c.d.x.Call [main] REMOTE TAG -> f0cc3298-8d409892-13c4-50022-467-26900168-467 
2015-06-30 16:01:04,965 INFO c.d.x.Call [main] CREATING INFO REQUEST TO XMS 
2015-06-30 16:01:07,108 INFO c.d.x.Connector [EventScannerThread] Transaction Terminated 
2015-06-30 16:01:10,531 INFO c.d.x.Connector [EventScannerThread] Transaction Terminated 
2015-06-30 16:01:36,240 INFO c.d.x.Connector [EventScannerThread] Transaction Terminated 
2015-06-30 16:01:36,240 INFO c.d.x.Connector [EventScannerThread] Transaction Terminated 
2015-06-30 16:02:56,393 INFO c.d.x.Call [EventScannerThread] CREATE BYE REQUEST 
2015-06-30 16:02:56,393 DEBUG c.d.x.Call [EventScannerThread] CREATE BYE REQUEST 
BYE sip:msml@146.152.64.141 SIP/2.0
Via: SIP/2.0/UDP 10.20.137.74:5070
CSeq: 4 BYE
From: <sip:Test@10.20.137.74>;tag=182b181
To: <sip:msml@146.152.64.141>;tag=f0cc3298-8d409892-13c4-50022-467-26900168-467
Call-ID: db534ae2f38d6c2c776dd28a5d8e2c4d@10.20.137.74
Allow: INVITE,CANCEL,ACK,BYE,OPTIONS,INFO,REFER,NOTIFY,UPDATE
Max-Forwards: 70
Content-Length: 0

 
2015-06-30 16:02:56,402 INFO c.d.x.Connector [EventScannerThread] HASHMAP SIZE: 1 
2015-06-30 16:02:56,504 INFO c.d.x.Call [EventScannerThread] CREATING INFO RESPONSE TO XMS 
2015-06-30 16:02:56,878 INFO c.d.x.Call [EventScannerThread] REMOTE TAG -> f0cc2f48-8d409892-13c4-50022-462-6100f3c-462 
2015-06-30 16:02:56,879 INFO c.d.x.Call [EventScannerThread] CREATING INFO REQUEST TO XMS 
2015-06-30 16:02:56,884 INFO c.d.x.Call [EventScannerThread] CREATE BYE REQUEST 
2015-06-30 16:02:56,885 DEBUG c.d.x.Call [EventScannerThread] CREATE BYE REQUEST 
BYE sip:msml@146.152.64.141 SIP/2.0
Via: SIP/2.0/UDP 10.20.137.74:5070
CSeq: 4 BYE
From: <sip:Test@10.20.137.74>;tag=182b181
To: <sip:msml@146.152.64.141>;tag=f0cc2f48-8d409892-13c4-50022-462-6100f3c-462
Call-ID: cb4892bb5cc2ab5302962c394b186fdd@10.20.137.74
Max-Forwards: 70
Content-Length: 0

 
2015-06-30 16:02:56,976 INFO c.d.x.Connector [EventScannerThread] HASHMAP SIZE: 0 
2015-06-30 16:03:01,965 INFO c.d.x.Connector [EventScannerThread] Transaction Terminated 
2015-06-30 16:03:02,391 INFO c.d.x.Connector [EventScannerThread] Transaction Terminated 
2015-06-30 16:03:02,884 INFO c.d.x.Connector [EventScannerThread] Transaction Terminated 
2015-06-30 16:03:04,392 INFO c.d.x.Connector [EventScannerThread] Dialog Terminated 
2015-06-30 16:03:04,400 INFO c.d.x.Connector [EventScannerThread] Dialog Terminated 
2015-06-30 16:03:04,967 INFO c.d.x.Connector [EventScannerThread] Dialog Terminated 
2015-06-30 16:03:28,411 INFO c.d.x.Connector [EventScannerThread] Transaction Terminated 
2015-06-30 16:03:28,529 INFO c.d.x.Connector [EventScannerThread] Transaction Terminated 
2015-06-30 16:32:03,738 INFO c.d.x.Connector [main] SipStack Created gov.nist.javax.sip.SipStackImpl@30a3107a 
2015-06-30 16:32:04,091 INFO c.d.x.Connector [main] SipProvider Created gov.nist.javax.sip.SipProviderImpl@23fe1d71 
2015-06-30 16:32:04,161 INFO c.d.x.Call [main] CREATING AN INVITE REQUEST 
2015-06-30 16:32:04,253 INFO c.d.x.Call [EventScannerThread] CREATING ACK REQUEST  
2015-06-30 16:32:04,255 DEBUG c.d.x.Connector [EventScannerThread] REMOTE TAG 
f0cc6e38-8d409892-13c4-50022-bc8-32c9766e-bc8 
2015-06-30 16:32:04,686 INFO c.d.x.Connector [EventScannerThread] Transaction Terminated 
2015-06-30 16:32:04,891 INFO c.d.x.Call [main] REMOTE TAG -> f0cc6e38-8d409892-13c4-50022-bc8-32c9766e-bc8 
2015-06-30 16:32:04,893 INFO c.d.x.Call [main] CREATING INFO REQUEST TO XMS 
2015-06-30 16:32:10,302 INFO c.d.x.Call [EventScannerThread] CREATING OPTIONS RESPONSE 
2015-06-30 16:32:10,337 INFO c.d.x.Call [pool-2-thread-1] CREATING 100 TRYING RESPONSE 
2015-06-30 16:32:10,342 INFO c.d.x.Call [pool-2-thread-1] CREATING AN INVITE REQUEST 
2015-06-30 16:32:10,399 INFO c.d.x.Connector [EventScannerThread] Transaction Terminated 
2015-06-30 16:32:10,442 INFO c.d.x.Call [EventScannerThread] CREATING 180 RINGING RESPONSE 
2015-06-30 16:32:10,447 INFO c.d.x.Call [EventScannerThread] CREATING ACK REQUEST  
2015-06-30 16:32:10,448 DEBUG c.d.x.Connector [EventScannerThread] REMOTE TAG 
f0cc7188-8d409892-13c4-50022-bce-795ed4a-bce 
2015-06-30 16:32:10,448 INFO c.d.x.Call [EventScannerThread] CREATING 200OK FOR INVITE 
2015-06-30 16:32:10,540 INFO c.d.x.Call [main] REMOTE TAG -> f0cc7188-8d409892-13c4-50022-bce-795ed4a-bce 
2015-06-30 16:32:10,542 INFO c.d.x.Call [main] CREATING INFO REQUEST TO XMS 
2015-06-30 16:32:10,844 INFO c.d.x.Connector [EventScannerThread] Transaction Terminated 
2015-06-30 16:32:13,822 FATAL c.d.x.Call [EventScannerThread] null host java.lang.NullPointerException: null host
	at gov.nist.javax.sip.address.AddressFactoryImpl.createSipURI(AddressFactoryImpl.java:114)
	at com.dialogic.xmstesting.Call.createInfoResponse(Call.java:385)
	at com.dialogic.xmstesting.Call.handleStackRequest(Call.java:117)
	at com.dialogic.xmstesting.Connector.processRequest(Connector.java:214)
	at gov.nist.javax.sip.EventScanner.deliverEvent(EventScanner.java:223)
	at gov.nist.javax.sip.EventScanner.run(EventScanner.java:492)
	at java.lang.Thread.run(Thread.java:745)

2015-06-30 16:32:16,056 INFO c.d.x.Connector [EventScannerThread] Transaction Terminated 
2015-06-30 16:32:18,838 INFO c.d.x.Connector [EventScannerThread] Transaction Terminated 
2015-06-30 16:32:39,310 INFO c.d.x.Call [EventScannerThread] CREATING INFO RESPONSE TO XMS 
2015-06-30 16:32:39,358 INFO c.d.x.Call [EventScannerThread] CREATING INFO RESPONSE TO XMS 
2015-06-30 16:32:39,973 INFO c.d.x.Call [main] REMOTE TAG -> f0cc7188-8d409892-13c4-50022-bce-795ed4a-bce 
2015-06-30 16:32:39,975 INFO c.d.x.Call [main] CREATING INFO REQUEST TO XMS 
2015-06-30 16:32:42,356 INFO c.d.x.Connector [EventScannerThread] Transaction Terminated 
2015-06-30 16:32:42,579 INFO c.d.x.Call [EventScannerThread] CREATE BYE REQUEST 
2015-06-30 16:32:42,580 DEBUG c.d.x.Call [EventScannerThread] CREATE BYE REQUEST 
BYE sip:msml@146.152.64.141 SIP/2.0
Via: SIP/2.0/UDP 10.20.137.74:5070
CSeq: 4 BYE
From: <sip:Test@10.20.137.74>;tag=104fd27
To: <sip:msml@146.152.64.141>;tag=f0cc7188-8d409892-13c4-50022-bce-795ed4a-bce
Call-ID: e94c886a22fc37c37d4c61ed32b52b09@10.20.137.74
Allow: INVITE,CANCEL,ACK,BYE,OPTIONS,INFO,REFER,NOTIFY,UPDATE
Max-Forwards: 70
Content-Length: 0

 
2015-06-30 16:32:42,586 INFO c.d.x.Connector [EventScannerThread] HASHMAP SIZE: 1 
2015-06-30 16:32:42,668 INFO c.d.x.Call [EventScannerThread] CREATING INFO RESPONSE TO XMS 
2015-06-30 16:32:43,057 INFO c.d.x.Call [EventScannerThread] REMOTE TAG -> f0cc6e38-8d409892-13c4-50022-bc8-32c9766e-bc8 
2015-06-30 16:32:43,058 INFO c.d.x.Call [EventScannerThread] CREATING INFO REQUEST TO XMS 
2015-06-30 16:32:43,059 INFO c.d.x.Call [EventScannerThread] CREATE BYE REQUEST 
2015-06-30 16:32:43,059 DEBUG c.d.x.Call [EventScannerThread] CREATE BYE REQUEST 
BYE sip:msml@146.152.64.141 SIP/2.0
Via: SIP/2.0/UDP 10.20.137.74:5070
CSeq: 4 BYE
From: <sip:Test@10.20.137.74>;tag=104fd27
To: <sip:msml@146.152.64.141>;tag=f0cc6e38-8d409892-13c4-50022-bc8-32c9766e-bc8
Call-ID: 3583672e115b983f59db39372b1822a8@10.20.137.74
Max-Forwards: 70
Content-Length: 0

 
2015-06-30 16:32:43,064 INFO c.d.x.Connector [EventScannerThread] HASHMAP SIZE: 0 
2015-06-30 16:32:45,566 INFO c.d.x.Connector [EventScannerThread] Transaction Terminated 
2015-06-30 16:32:48,081 INFO c.d.x.Connector [EventScannerThread] Transaction Terminated 
2015-06-30 16:32:48,569 INFO c.d.x.Connector [EventScannerThread] Transaction Terminated 
2015-06-30 16:32:49,069 INFO c.d.x.Connector [EventScannerThread] Transaction Terminated 
2015-06-30 16:32:50,579 INFO c.d.x.Connector [EventScannerThread] Dialog Terminated 
2015-06-30 16:32:50,585 INFO c.d.x.Connector [EventScannerThread] Dialog Terminated 
2015-06-30 16:33:18,111 INFO c.d.x.Connector [main] SipStack Created gov.nist.javax.sip.SipStackImpl@30a3107a 
2015-06-30 16:33:18,421 INFO c.d.x.Connector [main] SipProvider Created gov.nist.javax.sip.SipProviderImpl@23fe1d71 
2015-06-30 16:33:18,527 INFO c.d.x.Call [main] CREATING AN INVITE REQUEST 
2015-06-30 16:33:18,579 INFO c.d.x.Call [EventScannerThread] CREATING ACK REQUEST  
2015-06-30 16:33:18,580 DEBUG c.d.x.Connector [EventScannerThread] REMOTE TAG 
f0cc8218-8d409892-13c4-50022-c12-2883cccb-c12 
2015-06-30 16:33:19,046 INFO c.d.x.Connector [EventScannerThread] Transaction Terminated 
2015-06-30 16:33:19,094 INFO c.d.x.Call [main] REMOTE TAG -> f0cc8218-8d409892-13c4-50022-c12-2883cccb-c12 
2015-06-30 16:33:19,095 INFO c.d.x.Call [main] CREATING INFO REQUEST TO XMS 
2015-06-30 16:33:23,115 INFO c.d.x.Call [EventScannerThread] CREATING OPTIONS RESPONSE 
2015-06-30 16:33:23,131 INFO c.d.x.Call [pool-2-thread-1] CREATING 100 TRYING RESPONSE 
2015-06-30 16:33:23,133 INFO c.d.x.Call [pool-2-thread-1] CREATING AN INVITE REQUEST 
2015-06-30 16:33:23,207 INFO c.d.x.Call [EventScannerThread] CREATING 180 RINGING RESPONSE 
2015-06-30 16:33:23,218 INFO c.d.x.Call [EventScannerThread] CREATING ACK REQUEST  
2015-06-30 16:33:23,218 DEBUG c.d.x.Connector [EventScannerThread] REMOTE TAG 
f0cc8568-8d409892-13c4-50022-c17-2f0e01d7-c17 
2015-06-30 16:33:23,219 INFO c.d.x.Call [EventScannerThread] CREATING 200OK FOR INVITE 
2015-06-30 16:33:23,280 INFO c.d.x.Call [main] REMOTE TAG -> f0cc8568-8d409892-13c4-50022-c17-2f0e01d7-c17 
2015-06-30 16:33:23,280 INFO c.d.x.Call [main] CREATING INFO REQUEST TO XMS 
2015-06-30 16:33:23,634 INFO c.d.x.Connector [EventScannerThread] Transaction Terminated 
2015-06-30 16:33:24,597 INFO c.d.x.Connector [EventScannerThread] Transaction Terminated 
2015-06-30 16:33:24,611 FATAL c.d.x.Call [EventScannerThread] null host java.lang.NullPointerException: null host
	at gov.nist.javax.sip.address.AddressFactoryImpl.createSipURI(AddressFactoryImpl.java:114)
	at com.dialogic.xmstesting.Call.createInfoResponse(Call.java:385)
	at com.dialogic.xmstesting.Call.handleStackRequest(Call.java:117)
	at com.dialogic.xmstesting.Connector.processRequest(Connector.java:214)
	at gov.nist.javax.sip.EventScanner.deliverEvent(EventScanner.java:223)
	at gov.nist.javax.sip.EventScanner.run(EventScanner.java:492)
	at java.lang.Thread.run(Thread.java:745)

2015-06-30 16:33:28,785 INFO c.d.x.Connector [EventScannerThread] Transaction Terminated 
2015-06-30 16:33:31,631 INFO c.d.x.Connector [EventScannerThread] Transaction Terminated 
2015-06-30 16:33:52,078 INFO c.d.x.Call [EventScannerThread] CREATING INFO RESPONSE TO XMS 
2015-06-30 16:33:52,111 INFO c.d.x.Call [EventScannerThread] CREATING INFO RESPONSE TO XMS 
2015-06-30 16:33:52,433 INFO c.d.x.Call [main] REMOTE TAG -> f0cc8568-8d409892-13c4-50022-c17-2f0e01d7-c17 
2015-06-30 16:33:52,433 INFO c.d.x.Call [main] CREATING INFO REQUEST TO XMS 
2015-06-30 16:33:55,154 INFO c.d.x.Connector [EventScannerThread] Transaction Terminated 
2015-06-30 16:33:57,934 INFO c.d.x.Connector [EventScannerThread] Transaction Terminated 
2015-06-30 16:34:24,094 INFO c.d.x.Connector [EventScannerThread] Transaction Terminated 
2015-06-30 16:34:24,116 INFO c.d.x.Connector [EventScannerThread] Transaction Terminated 
2015-06-30 16:36:20,188 INFO c.d.x.Call [EventScannerThread] CREATE BYE REQUEST 
2015-06-30 16:36:20,188 DEBUG c.d.x.Call [EventScannerThread] CREATE BYE REQUEST 
BYE sip:msml@146.152.64.141 SIP/2.0
Via: SIP/2.0/UDP 10.20.137.74:5070
CSeq: 4 BYE
From: <sip:Test@10.20.137.74>;tag=149d54d
To: <sip:msml@146.152.64.141>;tag=f0cc8568-8d409892-13c4-50022-c17-2f0e01d7-c17
Call-ID: 724b3fc5c7814b6cc867cc3d379c5920@10.20.137.74
Allow: INVITE,CANCEL,ACK,BYE,OPTIONS,INFO,REFER,NOTIFY,UPDATE
Max-Forwards: 70
Content-Length: 0

 
2015-06-30 16:36:20,199 INFO c.d.x.Connector [EventScannerThread] HASHMAP SIZE: 1 
2015-06-30 16:36:20,276 INFO c.d.x.Call [EventScannerThread] CREATING INFO RESPONSE TO XMS 
2015-06-30 16:36:20,643 INFO c.d.x.Call [EventScannerThread] REMOTE TAG -> f0cc8218-8d409892-13c4-50022-c12-2883cccb-c12 
2015-06-30 16:36:20,645 INFO c.d.x.Call [EventScannerThread] CREATING INFO REQUEST TO XMS 
2015-06-30 16:36:20,647 INFO c.d.x.Call [EventScannerThread] CREATE BYE REQUEST 
2015-06-30 16:36:20,648 DEBUG c.d.x.Call [EventScannerThread] CREATE BYE REQUEST 
BYE sip:msml@146.152.64.141 SIP/2.0
Via: SIP/2.0/UDP 10.20.137.74:5070
CSeq: 4 BYE
From: <sip:Test@10.20.137.74>;tag=149d54d
To: <sip:msml@146.152.64.141>;tag=f0cc8218-8d409892-13c4-50022-c12-2883cccb-c12
Call-ID: 4b4cca7f96352bdc10957aed67ffef94@10.20.137.74
Max-Forwards: 70
Content-Length: 0

 
2015-06-30 16:36:20,657 INFO c.d.x.Connector [EventScannerThread] HASHMAP SIZE: 0 
2015-06-30 16:36:25,698 INFO c.d.x.Connector [EventScannerThread] Transaction Terminated 
2015-06-30 16:36:26,151 INFO c.d.x.Connector [EventScannerThread] Transaction Terminated 
2015-06-30 16:36:26,649 INFO c.d.x.Connector [EventScannerThread] Transaction Terminated 
2015-06-30 16:36:28,187 INFO c.d.x.Connector [EventScannerThread] Dialog Terminated 
2015-06-30 16:36:28,199 INFO c.d.x.Connector [EventScannerThread] Dialog Terminated 
2015-06-30 16:36:28,655 INFO c.d.x.Connector [EventScannerThread] Dialog Terminated 
2015-06-30 16:36:52,204 INFO c.d.x.Connector [EventScannerThread] Transaction Terminated 
2015-06-30 16:36:52,296 INFO c.d.x.Connector [EventScannerThread] Transaction Terminated 
